2026-07-16T03:58:04.558Z INFO  identityCore [d.t.i.IdentityCoreApplicationTests] [CorrId=N/A] [UserId=anonymous] Starting IdentityCoreApplicationTests using Java 25.0.3 with PID 14432 (started by DS in D:\iCore-Projects\identityCore_J25)
2026-07-16T03:58:04.585Z INFO  identityCore [d.t.i.IdentityCoreApplicationTests] [CorrId=N/A] [UserId=anonymous] The following 1 profile is active: "postgres"
2026-07-16T03:58:08.484Z INFO  identityCore [o.s.d.r.c.RepositoryConfigurationDelegate] [CorrId=N/A] [UserId=anonymous] Bootstrapping Spring Data JPA repositories in DEFAULT mode.
2026-07-16T03:58:08.671Z INFO  identityCore [o.s.d.r.c.RepositoryConfigurationDelegate] [CorrId=N/A] [UserId=anonymous] Finished Spring Data repository scanning in 172 ms. Found 4 JPA repository interfaces.
2026-07-16T03:58:10.597Z INFO  identityCore [o.h.jpa.internal.util.LogHelper] [CorrId=N/A] [UserId=anonymous] HHH000204: Processing PersistenceUnitInfo [name: default]
2026-07-16T03:58:10.826Z INFO  identityCore [org.hibernate.Version] [CorrId=N/A] [UserId=anonymous] HHH000412: Hibernate ORM core version 6.5.3.Final
2026-07-16T03:58:10.962Z INFO  identityCore [o.h.c.i.RegionFactoryInitiator] [CorrId=N/A] [UserId=anonymous] HHH000026: Second-level cache disabled
2026-07-16T03:58:12.154Z INFO  identityCore [o.s.o.j.p.SpringPersistenceUnitInfo] [CorrId=N/A] [UserId=anonymous] No LoadTimeWeaver setup: ignoring JPA class transformer
2026-07-16T03:58:12.284Z INFO  identityCore [com.zaxxer.hikari.HikariDataSource] [CorrId=N/A] [UserId=anonymous] HikariPool-1 - Starting...
2026-07-16T03:58:14.242Z INFO  identityCore [com.zaxxer.hikari.pool.HikariPool] [CorrId=N/A] [UserId=anonymous] HikariPool-1 - Added connection org.postgresql.jdbc.PgConnection@6d9428f3
2026-07-16T03:58:14.247Z INFO  identityCore [com.zaxxer.hikari.HikariDataSource] [CorrId=N/A] [UserId=anonymous] HikariPool-1 - Start completed.
2026-07-16T03:58:14.433Z WARN  identityCore [org.hibernate.orm.deprecation] [CorrId=N/A] [UserId=anonymous] HHH90000025: PostgreSQLDialect does not need to be specified explicitly using 'hibernate.dialect' (remove the property setting and it will be selected by default)
2026-07-16T03:58:17.349Z INFO  identityCore [o.h.e.t.j.p.i.JtaPlatformInitiator] [CorrId=N/A] [UserId=anonymous] HHH000489: No JTA platform available (set 'hibernate.transaction.jta.platform' to enable JTA platform integration)
2026-07-16T03:58:18.437Z INFO  identityCore [o.s.o.j.LocalContainerEntityManagerFactoryBean] [CorrId=N/A] [UserId=anonymous] Initialized JPA EntityManagerFactory for persistence unit 'default'
2026-07-16T03:58:20.724Z WARN  identityCore [o.s.b.a.o.j.JpaBaseConfiguration$JpaWebConfiguration] [CorrId=N/A] [UserId=anonymous] spring.jpa.open-in-view is enabled by default. Therefore, database queries may be performed during view rendering. Explicitly configure spring.jpa.open-in-view to disable this warning
2026-07-16T03:58:20.841Z INFO  identityCore [o.s.s.c.a.a.c.InitializeAuthenticationProviderBeanManagerConfigurer$InitializeAuthenticationProviderManagerConfigurer] [CorrId=N/A] [UserId=anonymous] Global AuthenticationManager configured with AuthenticationProvider bean with name authProvider
2026-07-16T03:58:20.844Z WARN  identityCore [o.s.s.c.a.a.c.InitializeUserDetailsBeanManagerConfigurer$InitializeUserDetailsManagerConfigurer] [CorrId=N/A] [UserId=anonymous] Global AuthenticationManager configured with an AuthenticationProvider bean. UserDetailsService beans will not be used for username/password login. Consider removing the AuthenticationProvider bean. Alternatively, consider using the UserDetailsService in a manually instantiated DaoAuthenticationProvider.
2026-07-16T03:58:21.092Z INFO  identityCore [o.s.b.a.w.s.WelcomePageHandlerMapping] [CorrId=N/A] [UserId=anonymous] Adding welcome page template: index
2026-07-16T03:58:22.099Z WARN  identityCore [o.s.s.c.a.web.builders.WebSecurity] [CorrId=N/A] [UserId=anonymous] You are asking Spring Security to ignore Deferred [Mvc [pattern='/css/**'], Ant [pattern='/css/**']]. This is not recommended -- please use permitAll via HttpSecurity#authorizeHttpRequests instead.
2026-07-16T03:58:22.101Z WARN  identityCore [o.s.s.c.a.web.builders.WebSecurity] [CorrId=N/A] [UserId=anonymous] You are asking Spring Security to ignore Deferred [Mvc [pattern='/js/**'], Ant [pattern='/js/**']]. This is not recommended -- please use permitAll via HttpSecurity#authorizeHttpRequests instead.
2026-07-16T03:58:22.102Z WARN  identityCore [o.s.s.c.a.web.builders.WebSecurity] [CorrId=N/A] [UserId=anonymous] You are asking Spring Security to ignore Deferred [Mvc [pattern='/images/**'], Ant [pattern='/images/**']]. This is not recommended -- please use permitAll via HttpSecurity#authorizeHttpRequests instead.
2026-07-16T03:58:22.102Z WARN  identityCore [o.s.s.c.a.web.builders.WebSecurity] [CorrId=N/A] [UserId=anonymous] You are asking Spring Security to ignore Deferred [Mvc [pattern='/assets/**'], Ant [pattern='/assets/**']]. This is not recommended -- please use permitAll via HttpSecurity#authorizeHttpRequests instead.
2026-07-16T03:58:22.102Z WARN  identityCore [o.s.s.c.a.web.builders.WebSecurity] [CorrId=N/A] [UserId=anonymous] You are asking Spring Security to ignore Deferred [Mvc [pattern='/favicon.ico'], Ant [pattern='/favicon.ico']]. This is not recommended -- please use permitAll via HttpSecurity#authorizeHttpRequests instead.
2026-07-16T03:58:23.759Z INFO  identityCore [d.t.i.IdentityCoreApplicationTests] [CorrId=N/A] [UserId=anonymous] Started IdentityCoreApplicationTests in 20.023 seconds (process running for 30.56)
2026-07-16T03:58:25.193Z INFO  identityCore [o.s.o.j.LocalContainerEntityManagerFactoryBean] [CorrId=N/A] [UserId=anonymous] Closing JPA EntityManagerFactory for persistence unit 'default'
2026-07-16T03:58:25.220Z INFO  identityCore [com.zaxxer.hikari.HikariDataSource] [CorrId=N/A] [UserId=anonymous] HikariPool-1 - Shutdown initiated...
2026-07-16T03:58:25.512Z INFO  identityCore [com.zaxxer.hikari.HikariDataSource] [CorrId=N/A] [UserId=anonymous] HikariPool-1 - Shutdown completed.
2026-07-16T05:43:42.763Z INFO  identityCore [d.t.i.IdentityCoreApplicationTests] [CorrId=N/A] [UserId=anonymous] Starting IdentityCoreApplicationTests using Java 25.0.3 with PID 3660 (started by DS in D:\iCore-Projects\identityCore_J25)
2026-07-16T05:43:42.765Z INFO  identityCore [d.t.i.IdentityCoreApplicationTests] [CorrId=N/A] [UserId=anonymous] The following 1 profile is active: "postgres"
2026-07-16T05:43:43.858Z INFO  identityCore [o.s.d.r.c.RepositoryConfigurationDelegate] [CorrId=N/A] [UserId=anonymous] Bootstrapping Spring Data JPA repositories in DEFAULT mode.
2026-07-16T05:43:43.914Z INFO  identityCore [o.s.d.r.c.RepositoryConfigurationDelegate] [CorrId=N/A] [UserId=anonymous] Finished Spring Data repository scanning in 50 ms. Found 4 JPA repository interfaces.
2026-07-16T05:43:44.391Z INFO  identityCore [o.h.jpa.internal.util.LogHelper] [CorrId=N/A] [UserId=anonymous] HHH000204: Processing PersistenceUnitInfo [name: default]
2026-07-16T05:43:44.445Z INFO  identityCore [org.hibernate.Version] [CorrId=N/A] [UserId=anonymous] HHH000412: Hibernate ORM core version 6.5.3.Final
2026-07-16T05:43:44.473Z INFO  identityCore [o.h.c.i.RegionFactoryInitiator] [CorrId=N/A] [UserId=anonymous] HHH000026: Second-level cache disabled
2026-07-16T05:43:44.796Z INFO  identityCore [o.s.o.j.p.SpringPersistenceUnitInfo] [CorrId=N/A] [UserId=anonymous] No LoadTimeWeaver setup: ignoring JPA class transformer
2026-07-16T05:43:44.828Z INFO  identityCore [com.zaxxer.hikari.HikariDataSource] [CorrId=N/A] [UserId=anonymous] HikariPool-1 - Starting...
2026-07-16T05:43:45.693Z INFO  identityCore [com.zaxxer.hikari.pool.HikariPool] [CorrId=N/A] [UserId=anonymous] HikariPool-1 - Added connection org.postgresql.jdbc.PgConnection@60e47aab
2026-07-16T05:43:45.696Z INFO  identityCore [com.zaxxer.hikari.HikariDataSource] [CorrId=N/A] [UserId=anonymous] HikariPool-1 - Start completed.
2026-07-16T05:43:45.779Z WARN  identityCore [org.hibernate.orm.deprecation] [CorrId=N/A] [UserId=anonymous] HHH90000025: PostgreSQLDialect does not need to be specified explicitly using 'hibernate.dialect' (remove the property setting and it will be selected by default)
2026-07-16T05:43:46.824Z INFO  identityCore [o.h.e.t.j.p.i.JtaPlatformInitiator] [CorrId=N/A] [UserId=anonymous] HHH000489: No JTA platform available (set 'hibernate.transaction.jta.platform' to enable JTA platform integration)
2026-07-16T05:43:47.730Z INFO  identityCore [o.s.o.j.LocalContainerEntityManagerFactoryBean] [CorrId=N/A] [UserId=anonymous] Initialized JPA EntityManagerFactory for persistence unit 'default'
2026-07-16T05:43:48.345Z WARN  identityCore [o.s.b.a.o.j.JpaBaseConfiguration$JpaWebConfiguration] [CorrId=N/A] [UserId=anonymous] spring.jpa.open-in-view is enabled by default. Therefore, database queries may be performed during view rendering. Explicitly configure spring.jpa.open-in-view to disable this warning
2026-07-16T05:43:48.377Z INFO  identityCore [o.s.s.c.a.a.c.InitializeAuthenticationProviderBeanManagerConfigurer$InitializeAuthenticationProviderManagerConfigurer] [CorrId=N/A] [UserId=anonymous] Global AuthenticationManager configured with AuthenticationProvider bean with name authProvider
2026-07-16T05:43:48.378Z WARN  identityCore [o.s.s.c.a.a.c.InitializeUserDetailsBeanManagerConfigurer$InitializeUserDetailsManagerConfigurer] [CorrId=N/A] [UserId=anonymous] Global AuthenticationManager configured with an AuthenticationProvider bean. UserDetailsService beans will not be used for username/password login. Consider removing the AuthenticationProvider bean. Alternatively, consider using the UserDetailsService in a manually instantiated DaoAuthenticationProvider.
2026-07-16T05:43:48.435Z INFO  identityCore [o.s.b.a.w.s.WelcomePageHandlerMapping] [CorrId=N/A] [UserId=anonymous] Adding welcome page template: index
2026-07-16T05:43:48.716Z WARN  identityCore [o.s.s.c.a.web.builders.WebSecurity] [CorrId=N/A] [UserId=anonymous] You are asking Spring Security to ignore Deferred [Mvc [pattern='/css/**'], Ant [pattern='/css/**']]. This is not recommended -- please use permitAll via HttpSecurity#authorizeHttpRequests instead.
2026-07-16T05:43:48.717Z WARN  identityCore [o.s.s.c.a.web.builders.WebSecurity] [CorrId=N/A] [UserId=anonymous] You are asking Spring Security to ignore Deferred [Mvc [pattern='/js/**'], Ant [pattern='/js/**']]. This is not recommended -- please use permitAll via HttpSecurity#authorizeHttpRequests instead.
2026-07-16T05:43:48.717Z WARN  identityCore [o.s.s.c.a.web.builders.WebSecurity] [CorrId=N/A] [UserId=anonymous] You are asking Spring Security to ignore Deferred [Mvc [pattern='/images/**'], Ant [pattern='/images/**']]. This is not recommended -- please use permitAll via HttpSecurity#authorizeHttpRequests instead.
2026-07-16T05:43:48.717Z WARN  identityCore [o.s.s.c.a.web.builders.WebSecurity] [CorrId=N/A] [UserId=anonymous] You are asking Spring Security to ignore Deferred [Mvc [pattern='/assets/**'], Ant [pattern='/assets/**']]. This is not recommended -- please use permitAll via HttpSecurity#authorizeHttpRequests instead.
2026-07-16T05:43:48.717Z WARN  identityCore [o.s.s.c.a.web.builders.WebSecurity] [CorrId=N/A] [UserId=anonymous] You are asking Spring Security to ignore Deferred [Mvc [pattern='/favicon.ico'], Ant [pattern='/favicon.ico']]. This is not recommended -- please use permitAll via HttpSecurity#authorizeHttpRequests instead.
2026-07-16T05:43:49.178Z INFO  identityCore [d.t.i.IdentityCoreApplicationTests] [CorrId=N/A] [UserId=anonymous] Started IdentityCoreApplicationTests in 6.646 seconds (process running for 7.8)
2026-07-16T05:43:49.582Z INFO  identityCore [o.s.o.j.LocalContainerEntityManagerFactoryBean] [CorrId=N/A] [UserId=anonymous] Closing JPA EntityManagerFactory for persistence unit 'default'
2026-07-16T05:43:49.586Z INFO  identityCore [com.zaxxer.hikari.HikariDataSource] [CorrId=N/A] [UserId=anonymous] HikariPool-1 - Shutdown initiated...
2026-07-16T05:43:49.861Z INFO  identityCore [com.zaxxer.hikari.HikariDataSource] [CorrId=N/A] [UserId=anonymous] HikariPool-1 - Shutdown completed.
2026-07-16T06:32:38.176Z INFO  identityCore [d.t.i.IdentityCoreApplication] [CorrId=N/A] [UserId=anonymous] Starting IdentityCoreApplication using Java 25.0.3 with PID 15928 (D:\iCore-Projects\identityCore_J25\target\classes started by DS in D:\iCore-Projects\identityCore_J25)
2026-07-16T06:32:38.179Z INFO  identityCore [d.t.i.IdentityCoreApplication] [CorrId=N/A] [UserId=anonymous] The following 1 profile is active: "postgres"
2026-07-16T06:32:38.233Z INFO  identityCore [o.s.b.d.e.DevToolsPropertyDefaultsPostProcessor] [CorrId=N/A] [UserId=anonymous] Devtools property defaults active! Set 'spring.devtools.add-properties' to 'false' to disable
2026-07-16T06:32:38.233Z INFO  identityCore [o.s.b.d.e.DevToolsPropertyDefaultsPostProcessor] [CorrId=N/A] [UserId=anonymous] For additional web related logging consider setting the 'logging.level.web' property to 'DEBUG'
2026-07-16T06:32:38.937Z INFO  identityCore [o.s.d.r.c.RepositoryConfigurationDelegate] [CorrId=N/A] [UserId=anonymous] Bootstrapping Spring Data JPA repositories in DEFAULT mode.
2026-07-16T06:32:38.986Z INFO  identityCore [o.s.d.r.c.RepositoryConfigurationDelegate] [CorrId=N/A] [UserId=anonymous] Finished Spring Data repository scanning in 43 ms. Found 4 JPA repository interfaces.
2026-07-16T06:32:39.462Z INFO  identityCore [o.s.b.w.e.tomcat.TomcatWebServer] [CorrId=N/A] [UserId=anonymous] Tomcat initialized with port 8080 (http)
2026-07-16T06:32:39.473Z INFO  identityCore [o.a.catalina.core.StandardService] [CorrId=N/A] [UserId=anonymous] Starting service [Tomcat]
2026-07-16T06:32:39.474Z INFO  identityCore [o.a.catalina.core.StandardEngine] [CorrId=N/A] [UserId=anonymous] Starting Servlet engine: [Apache Tomcat/10.1.31]
2026-07-16T06:32:39.519Z INFO  identityCore [o.a.c.c.C.[Tomcat].[localhost].[/]] [CorrId=N/A] [UserId=anonymous] Initializing Spring embedded WebApplicationContext
2026-07-16T06:32:39.520Z INFO  identityCore [o.s.b.w.s.c.ServletWebServerApplicationContext] [CorrId=N/A] [UserId=anonymous] Root WebApplicationContext: initialization completed in 1285 ms
2026-07-16T06:32:39.649Z INFO  identityCore [o.h.jpa.internal.util.LogHelper] [CorrId=N/A] [UserId=anonymous] HHH000204: Processing PersistenceUnitInfo [name: default]
2026-07-16T06:32:39.685Z INFO  identityCore [org.hibernate.Version] [CorrId=N/A] [UserId=anonymous] HHH000412: Hibernate ORM core version 6.5.3.Final
2026-07-16T06:32:39.706Z INFO  identityCore [o.h.c.i.RegionFactoryInitiator] [CorrId=N/A] [UserId=anonymous] HHH000026: Second-level cache disabled
2026-07-16T06:32:39.942Z INFO  identityCore [o.s.o.j.p.SpringPersistenceUnitInfo] [CorrId=N/A] [UserId=anonymous] No LoadTimeWeaver setup: ignoring JPA class transformer
2026-07-16T06:32:39.964Z INFO  identityCore [com.zaxxer.hikari.HikariDataSource] [CorrId=N/A] [UserId=anonymous] HikariPool-1 - Starting...
2026-07-16T06:32:40.807Z INFO  identityCore [com.zaxxer.hikari.pool.HikariPool] [CorrId=N/A] [UserId=anonymous] HikariPool-1 - Added connection org.postgresql.jdbc.PgConnection@315aea51
2026-07-16T06:32:40.809Z INFO  identityCore [com.zaxxer.hikari.HikariDataSource] [CorrId=N/A] [UserId=anonymous] HikariPool-1 - Start completed.
2026-07-16T06:32:40.900Z WARN  identityCore [org.hibernate.orm.deprecation] [CorrId=N/A] [UserId=anonymous] HHH90000025: PostgreSQLDialect does not need to be specified explicitly using 'hibernate.dialect' (remove the property setting and it will be selected by default)
2026-07-16T06:32:41.774Z INFO  identityCore [o.h.e.t.j.p.i.JtaPlatformInitiator] [CorrId=N/A] [UserId=anonymous] HHH000489: No JTA platform available (set 'hibernate.transaction.jta.platform' to enable JTA platform integration)
2026-07-16T06:32:42.704Z INFO  identityCore [o.s.o.j.LocalContainerEntityManagerFactoryBean] [CorrId=N/A] [UserId=anonymous] Initialized JPA EntityManagerFactory for persistence unit 'default'
2026-07-16T06:32:43.243Z WARN  identityCore [o.s.b.a.o.j.JpaBaseConfiguration$JpaWebConfiguration] [CorrId=N/A] [UserId=anonymous] spring.jpa.open-in-view is enabled by default. Therefore, database queries may be performed during view rendering. Explicitly configure spring.jpa.open-in-view to disable this warning
2026-07-16T06:32:43.266Z INFO  identityCore [o.s.s.c.a.a.c.InitializeAuthenticationProviderBeanManagerConfigurer$InitializeAuthenticationProviderManagerConfigurer] [CorrId=N/A] [UserId=anonymous] Global AuthenticationManager configured with AuthenticationProvider bean with name authProvider
2026-07-16T06:32:43.266Z WARN  identityCore [o.s.s.c.a.a.c.InitializeUserDetailsBeanManagerConfigurer$InitializeUserDetailsManagerConfigurer] [CorrId=N/A] [UserId=anonymous] Global AuthenticationManager configured with an AuthenticationProvider bean. UserDetailsService beans will not be used for username/password login. Consider removing the AuthenticationProvider bean. Alternatively, consider using the UserDetailsService in a manually instantiated DaoAuthenticationProvider.
2026-07-16T06:32:43.314Z INFO  identityCore [o.s.b.a.w.s.WelcomePageHandlerMapping] [CorrId=N/A] [UserId=anonymous] Adding welcome page template: index
2026-07-16T06:32:43.573Z WARN  identityCore [o.s.s.c.a.web.builders.WebSecurity] [CorrId=N/A] [UserId=anonymous] You are asking Spring Security to ignore Deferred [Mvc [pattern='/css/**'], Ant [pattern='/css/**']]. This is not recommended -- please use permitAll via HttpSecurity#authorizeHttpRequests instead.
2026-07-16T06:32:43.573Z WARN  identityCore [o.s.s.c.a.web.builders.WebSecurity] [CorrId=N/A] [UserId=anonymous] You are asking Spring Security to ignore Deferred [Mvc [pattern='/js/**'], Ant [pattern='/js/**']]. This is not recommended -- please use permitAll via HttpSecurity#authorizeHttpRequests instead.
2026-07-16T06:32:43.573Z WARN  identityCore [o.s.s.c.a.web.builders.WebSecurity] [CorrId=N/A] [UserId=anonymous] You are asking Spring Security to ignore Deferred [Mvc [pattern='/images/**'], Ant [pattern='/images/**']]. This is not recommended -- please use permitAll via HttpSecurity#authorizeHttpRequests instead.
2026-07-16T06:32:43.573Z WARN  identityCore [o.s.s.c.a.web.builders.WebSecurity] [CorrId=N/A] [UserId=anonymous] You are asking Spring Security to ignore Deferred [Mvc [pattern='/assets/**'], Ant [pattern='/assets/**']]. This is not recommended -- please use permitAll via HttpSecurity#authorizeHttpRequests instead.
2026-07-16T06:32:43.573Z WARN  identityCore [o.s.s.c.a.web.builders.WebSecurity] [CorrId=N/A] [UserId=anonymous] You are asking Spring Security to ignore Deferred [Mvc [pattern='/favicon.ico'], Ant [pattern='/favicon.ico']]. This is not recommended -- please use permitAll via HttpSecurity#authorizeHttpRequests instead.
2026-07-16T06:32:43.879Z INFO  identityCore [o.s.b.d.a.OptionalLiveReloadServer] [CorrId=N/A] [UserId=anonymous] LiveReload server is running on port 35729
2026-07-16T06:32:43.905Z INFO  identityCore [o.s.b.w.e.tomcat.TomcatWebServer] [CorrId=N/A] [UserId=anonymous] Tomcat started on port 8080 (http) with context path '/'
2026-07-16T06:32:43.913Z INFO  identityCore [d.t.i.IdentityCoreApplication] [CorrId=N/A] [UserId=anonymous] Started IdentityCoreApplication in 6.122 seconds (process running for 6.702)
2026-07-16T06:33:09.869Z INFO  identityCore [o.a.c.c.C.[Tomcat].[localhost].[/]] [CorrId=N/A] [UserId=anonymous] Initializing Spring DispatcherServlet 'dispatcherServlet'
2026-07-16T06:33:09.870Z INFO  identityCore [o.s.web.servlet.DispatcherServlet] [CorrId=N/A] [UserId=anonymous] Initializing Servlet 'dispatcherServlet'
2026-07-16T06:33:09.872Z INFO  identityCore [o.s.web.servlet.DispatcherServlet] [CorrId=N/A] [UserId=anonymous] Completed initialization in 2 ms
2026-07-16T06:33:10.098Z INFO  identityCore [d.t.i.security.AppUserDetailsService] [CorrId=N/A] [UserId=anonymous] Authentication initiated for username [admin@icore.dev].
2026-07-16T06:33:10.414Z INFO  identityCore [d.t.i.security.AppUserDetailsService] [CorrId=N/A] [UserId=anonymous] User details loaded successfully for username [admin@icore.dev].
2026-07-16T06:33:10.748Z INFO  identityCore [d.t.i.controller.DashboardController] [CorrId=74c20031-090f-429c-93ce-3a09705433f7] [UserId=admin@icore.dev] Welcome page accessed by user [2].
2026-07-16T06:36:05.746Z INFO  identityCore [d.t.identityCore.service.UserService] [CorrId=ffd547a7-73a9-4b06-a7aa-93966733e12b] [UserId=anonymous] User registered: gamingserious82
2026-07-16T06:36:10.634Z INFO  identityCore [d.t.i.controller.UserController] [CorrId=ffd547a7-73a9-4b06-a7aa-93966733e12b] [UserId=anonymous] User registered: gamingserious82
2026-07-16T06:36:53.377Z INFO  identityCore [d.t.i.security.AppUserDetailsService] [CorrId=N/A] [UserId=anonymous] Authentication initiated for username [gamingserious82@gmail.com].
2026-07-16T06:36:53.527Z INFO  identityCore [d.t.i.security.AppUserDetailsService] [CorrId=N/A] [UserId=anonymous] User details loaded successfully for username [gamingserious82@gmail.com].
2026-07-16T06:36:54.051Z INFO  identityCore [d.t.i.controller.DashboardController] [CorrId=c9449960-1f46-4fd3-8d3b-7c84a4f536f0] [UserId=gamingserious82@gmail.com] Welcome page accessed by user [10].
2026-07-16T06:37:02.991Z INFO  identityCore [d.t.i.controller.LogController] [CorrId=0e0f658c-4865-40d3-a71d-5b3be331a4b3] [UserId=gamingserious82@gmail.com] Application log page accessed by user [10].
2026-07-16T06:37:16.371Z INFO  identityCore [o.s.api.AbstractOpenApiResource] [CorrId=f4b31fc5-c8e7-41a5-b8ec-246a6301456a] [UserId=gamingserious82@gmail.com] Init duration for springdoc-openapi is: 281 ms
2026-07-16T06:37:19.161Z INFO  identityCore [d.t.i.controller.DashboardController] [CorrId=0d41a744-b878-4998-8662-9219bbe0563d] [UserId=gamingserious82@gmail.com] Settings page accessed by user [10].
2026-07-16T06:37:54.846Z INFO  identityCore [d.t.i.IdentityCoreApplicationTests] [CorrId=N/A] [UserId=anonymous] Starting IdentityCoreApplicationTests using Java 25.0.3 with PID 2884 (started by DS in D:\iCore-Projects\identityCore_J25)
2026-07-16T06:37:54.849Z INFO  identityCore [d.t.i.IdentityCoreApplicationTests] [CorrId=N/A] [UserId=anonymous] The following 1 profile is active: "postgres"
2026-07-16T06:37:55.707Z INFO  identityCore [o.s.d.r.c.RepositoryConfigurationDelegate] [CorrId=N/A] [UserId=anonymous] Bootstrapping Spring Data JPA repositories in DEFAULT mode.
2026-07-16T06:37:55.804Z INFO  identityCore [o.s.d.r.c.RepositoryConfigurationDelegate] [CorrId=N/A] [UserId=anonymous] Finished Spring Data repository scanning in 87 ms. Found 4 JPA repository interfaces.
2026-07-16T06:37:57.110Z INFO  identityCore [o.h.jpa.internal.util.LogHelper] [CorrId=N/A] [UserId=anonymous] HHH000204: Processing PersistenceUnitInfo [name: default]
2026-07-16T06:37:57.227Z INFO  identityCore [org.hibernate.Version] [CorrId=N/A] [UserId=anonymous] HHH000412: Hibernate ORM core version 6.5.3.Final
2026-07-16T06:37:57.311Z INFO  identityCore [o.h.c.i.RegionFactoryInitiator] [CorrId=N/A] [UserId=anonymous] HHH000026: Second-level cache disabled
2026-07-16T06:37:57.901Z INFO  identityCore [o.s.o.j.p.SpringPersistenceUnitInfo] [CorrId=N/A] [UserId=anonymous] No LoadTimeWeaver setup: ignoring JPA class transformer
2026-07-16T06:37:57.940Z INFO  identityCore [com.zaxxer.hikari.HikariDataSource] [CorrId=N/A] [UserId=anonymous] HikariPool-1 - Starting...
2026-07-16T06:37:59.623Z WARN  identityCore [o.h.e.jdbc.spi.SqlExceptionHelper] [CorrId=N/A] [UserId=anonymous] SQL Error: 0, SQLState: XX000
2026-07-16T06:37:59.624Z ERROR identityCore [o.h.e.jdbc.spi.SqlExceptionHelper] [CorrId=N/A] [UserId=anonymous] FATAL: (EMAXCONNSESSION) max clients reached in session mode - max clients are limited to pool_size: 15
2026-07-16T06:37:59.625Z WARN  identityCore [o.h.e.j.e.i.JdbcEnvironmentInitiator] [CorrId=N/A] [UserId=anonymous] HHH000342: Could not obtain connection to query metadata
org.hibernate.exception.GenericJDBCException: unable to obtain isolated JDBC connection [FATAL: (EMAXCONNSESSION) max clients reached in session mode - max clients are limited to pool_size: 15] [n/a]
	at org.hibernate.exception.internal.StandardSQLExceptionConverter.convert(StandardSQLExceptionConverter.java:63)
	at org.hibernate.engine.jdbc.spi.SqlExceptionHelper.convert(SqlExceptionHelper.java:108)
	at org.hibernate.engine.jdbc.spi.SqlExceptionHelper.convert(SqlExceptionHelper.java:94)
	at org.hibernate.resource.transaction.backend.jdbc.internal.JdbcIsolationDelegate.delegateWork(JdbcIsolationDelegate.java:116)
	at org.hibernate.engine.jdbc.env.internal.JdbcEnvironmentInitiator.getJdbcEnvironmentUsingJdbcMetadata(JdbcEnvironmentInitiator.java:292)
	at org.hibernate.engine.jdbc.env.internal.JdbcEnvironmentInitiator.initiateService(JdbcEnvironmentInitiator.java:124)
	at org.hibernate.engine.jdbc.env.internal.JdbcEnvironmentInitiator.initiateService(JdbcEnvironmentInitiator.java:78)
	at org.hibernate.boot.registry.internal.StandardServiceRegistryImpl.initiateService(StandardServiceRegistryImpl.java:130)
	at org.hibernate.service.internal.AbstractServiceRegistryImpl.createService(AbstractServiceRegistryImpl.java:263)
	at org.hibernate.service.internal.AbstractServiceRegistryImpl.initializeService(AbstractServiceRegistryImpl.java:238)
	at org.hibernate.service.internal.AbstractServiceRegistryImpl.getService(AbstractServiceRegistryImpl.java:215)
	at org.hibernate.boot.model.relational.Database.<init>(Database.java:45)
	at org.hibernate.boot.internal.InFlightMetadataCollectorImpl.getDatabase(InFlightMetadataCollectorImpl.java:221)
	at org.hibernate.boot.internal.InFlightMetadataCollectorImpl.<init>(InFlightMetadataCollectorImpl.java:189)
	at org.hibernate.boot.model.process.spi.MetadataBuildingProcess.complete(MetadataBuildingProcess.java:171)
	at org.hibernate.jpa.boot.internal.EntityManagerFactoryBuilderImpl.metadata(EntityManagerFactoryBuilderImpl.java:1431)
	at org.hibernate.jpa.boot.internal.EntityManagerFactoryBuilderImpl.build(EntityManagerFactoryBuilderImpl.java:1502)
	at org.springframework.orm.jpa.vendor.SpringHibernateJpaPersistenceProvider.createContainerEntityManagerFactory(SpringHibernateJpaPersistenceProvider.java:75)
	at org.springframework.orm.jpa.LocalContainerEntityManagerFactoryBean.createNativeEntityManagerFactory(LocalContainerEntityManagerFactoryBean.java:390)
	at org.springframework.orm.jpa.AbstractEntityManagerFactoryBean.buildNativeEntityManagerFactory(AbstractEntityManagerFactoryBean.java:409)
	at org.springframework.orm.jpa.AbstractEntityManagerFactoryBean.afterPropertiesSet(AbstractEntityManagerFactoryBean.java:396)
	at org.springframework.orm.jpa.LocalContainerEntityManagerFactoryBean.afterPropertiesSet(LocalContainerEntityManagerFactoryBean.java:366)
	at org.springframework.beans.factory.support.AbstractAutowireCapableBeanFactory.invokeInitMethods(AbstractAutowireCapableBeanFactory.java:1853)
	at org.springframework.beans.factory.support.AbstractAutowireCapableBeanFactory.initializeBean(AbstractAutowireCapableBeanFactory.java:1802)
	at org.springframework.beans.factory.support.AbstractAutowireCapableBeanFactory.doCreateBean(AbstractAutowireCapableBeanFactory.java:600)
	at org.springframework.beans.factory.support.AbstractAutowireCapableBeanFactory.createBean(AbstractAutowireCapableBeanFactory.java:522)
	at org.springframework.beans.factory.support.AbstractBeanFactory.lambda$doGetBean$0(AbstractBeanFactory.java:337)
	at org.springframework.beans.factory.support.DefaultSingletonBeanRegistry.getSingleton(DefaultSingletonBeanRegistry.java:234)
	at org.springframework.beans.factory.support.AbstractBeanFactory.doGetBean(AbstractBeanFactory.java:335)
	at org.springframework.beans.factory.support.AbstractBeanFactory.getBean(AbstractBeanFactory.java:205)
	at org.springframework.context.support.AbstractApplicationContext.finishBeanFactoryInitialization(AbstractApplicationContext.java:954)
	at org.springframework.context.support.AbstractApplicationContext.refresh(AbstractApplicationContext.java:625)
	at org.springframework.boot.SpringApplication.refresh(SpringApplication.java:754)
	at org.springframework.boot.SpringApplication.refreshContext(SpringApplication.java:456)
	at org.springframework.boot.SpringApplication.run(SpringApplication.java:335)
	at org.springframework.boot.test.context.SpringBootContextLoader.lambda$loadContext$3(SpringBootContextLoader.java:137)
	at org.springframework.util.function.ThrowingSupplier.get(ThrowingSupplier.java:58)
	at org.springframework.util.function.ThrowingSupplier.get(ThrowingSupplier.java:46)
	at org.springframework.boot.SpringApplication.withHook(SpringApplication.java:1463)
	at org.springframework.boot.test.context.SpringBootContextLoader$ContextLoaderHook.run(SpringBootContextLoader.java:553)
	at org.springframework.boot.test.context.SpringBootContextLoader.loadContext(SpringBootContextLoader.java:137)
	at org.springframework.boot.test.context.SpringBootContextLoader.loadContext(SpringBootContextLoader.java:108)
	at org.springframework.test.context.cache.DefaultCacheAwareContextLoaderDelegate.loadContextInternal(DefaultCacheAwareContextLoaderDelegate.java:225)
	at org.springframework.test.context.cache.DefaultCacheAwareContextLoaderDelegate.loadContext(DefaultCacheAwareContextLoaderDelegate.java:152)
	at org.springframework.test.context.support.DefaultTestContext.getApplicationContext(DefaultTestContext.java:130)
	at org.springframework.test.context.web.ServletTestExecutionListener.setUpRequestContextIfNecessary(ServletTestExecutionListener.java:191)
	at org.springframework.test.context.web.ServletTestExecutionListener.prepareTestInstance(ServletTestExecutionListener.java:130)
	at org.springframework.test.context.TestContextManager.prepareTestInstance(TestContextManager.java:260)
	at org.springframework.test.context.junit.jupiter.SpringExtension.postProcessTestInstance(SpringExtension.java:163)
	at org.junit.jupiter.engine.descriptor.ClassBasedTestDescriptor.lambda$invokeTestInstancePostProcessors$10(ClassBasedTestDescriptor.java:378)
	at org.junit.jupiter.engine.descriptor.ClassBasedTestDescriptor.executeAndMaskThrowable(ClassBasedTestDescriptor.java:383)
	at org.junit.jupiter.engine.descriptor.ClassBasedTestDescriptor.lambda$invokeTestInstancePostProcessors$11(ClassBasedTestDescriptor.java:378)
	at java.base/java.util.stream.ReferencePipeline$3$1.accept(ReferencePipeline.java:214)
	at java.base/java.util.stream.ReferencePipeline$2$1.accept(ReferencePipeline.java:197)
	at java.base/java.util.ArrayList$ArrayListSpliterator.forEachRemaining(ArrayList.java:1716)
	at java.base/java.util.stream.AbstractPipeline.copyInto(AbstractPipeline.java:570)
	at java.base/java.util.stream.AbstractPipeline.wrapAndCopyInto(AbstractPipeline.java:560)
	at java.base/java.util.stream.StreamSpliterators$WrappingSpliterator.forEachRemaining(StreamSpliterators.java:315)
	at java.base/java.util.stream.Streams$ConcatSpliterator.forEachRemaining(Streams.java:735)
	at java.base/java.util.stream.Streams$ConcatSpliterator.forEachRemaining(Streams.java:734)
	at java.base/java.util.stream.ReferencePipeline$Head.forEach(ReferencePipeline.java:803)
	at org.junit.jupiter.engine.descriptor.ClassBasedTestDescriptor.invokeTestInstancePostProcessors(ClassBasedTestDescriptor.java:377)
	at org.junit.jupiter.engine.descriptor.ClassBasedTestDescriptor.lambda$instantiateAndPostProcessTestInstance$6(ClassBasedTestDescriptor.java:290)
	at org.junit.platform.engine.support.hierarchical.ThrowableCollector.execute(ThrowableCollector.java:73)
	at org.junit.jupiter.engine.descriptor.ClassBasedTestDescriptor.instantiateAndPostProcessTestInstance(ClassBasedTestDescriptor.java:289)
	at org.junit.jupiter.engine.descriptor.ClassBasedTestDescriptor.lambda$testInstancesProvider$4(ClassBasedTestDescriptor.java:279)
	at java.base/java.util.Optional.orElseGet(Optional.java:364)
	at org.junit.jupiter.engine.descriptor.ClassBasedTestDescriptor.lambda$testInstancesProvider$5(ClassBasedTestDescriptor.java:278)
	at org.junit.jupiter.engine.execution.TestInstancesProvider.getTestInstances(TestInstancesProvider.java:31)
	at org.junit.jupiter.engine.descriptor.TestMethodTestDescriptor.lambda$prepare$0(TestMethodTestDescriptor.java:106)
	at org.junit.platform.engine.support.hierarchical.ThrowableCollector.execute(ThrowableCollector.java:73)
	at org.junit.jupiter.engine.descriptor.TestMethodTestDescriptor.prepare(TestMethodTestDescriptor.java:105)
	at org.junit.jupiter.engine.descriptor.TestMethodTestDescriptor.prepare(TestMethodTestDescriptor.java:69)
	at org.junit.platform.engine.support.hierarchical.NodeTestTask.lambda$prepare$2(NodeTestTask.java:128)
	at org.junit.platform.engine.support.hierarchical.ThrowableCollector.execute(ThrowableCollector.java:73)
	at org.junit.platform.engine.support.hierarchical.NodeTestTask.prepare(NodeTestTask.java:128)
	at org.junit.platform.engine.support.hierarchical.NodeTestTask.execute(NodeTestTask.java:95)
	at java.base/java.util.ArrayList.forEach(ArrayList.java:1604)
	at org.junit.platform.engine.support.hierarchical.SameThreadHierarchicalTestExecutorService.invokeAll(SameThreadHierarchicalTestExecutorService.java:41)
	at org.junit.platform.engine.support.hierarchical.NodeTestTask.lambda$executeRecursively$6(NodeTestTask.java:160)
	at org.junit.platform.engine.support.hierarchical.ThrowableCollector.execute(ThrowableCollector.java:73)
	at org.junit.platform.engine.support.hierarchical.NodeTestTask.lambda$executeRecursively$8(NodeTestTask.java:146)
	at org.junit.platform.engine.support.hierarchical.Node.around(Node.java:137)
	at org.junit.platform.engine.support.hierarchical.NodeTestTask.lambda$executeRecursively$9(NodeTestTask.java:144)
	at org.junit.platform.engine.support.hierarchical.ThrowableCollector.execute(ThrowableCollector.java:73)
	at org.junit.platform.engine.support.hierarchical.NodeTestTask.executeRecursively(NodeTestTask.java:143)
	at org.junit.platform.engine.support.hierarchical.NodeTestTask.execute(NodeTestTask.java:100)
	at java.base/java.util.ArrayList.forEach(ArrayList.java:1604)
	at org.junit.platform.engine.support.hierarchical.SameThreadHierarchicalTestExecutorService.invokeAll(SameThreadHierarchicalTestExecutorService.java:41)
	at org.junit.platform.engine.support.hierarchical.NodeTestTask.lambda$executeRecursively$6(NodeTestTask.java:160)
	at org.junit.platform.engine.support.hierarchical.ThrowableCollector.execute(ThrowableCollector.java:73)
	at org.junit.platform.engine.support.hierarchical.NodeTestTask.lambda$executeRecursively$8(NodeTestTask.java:146)
	at org.junit.platform.engine.support.hierarchical.Node.around(Node.java:137)
	at org.junit.platform.engine.support.hierarchical.NodeTestTask.lambda$executeRecursively$9(NodeTestTask.java:144)
	at org.junit.platform.engine.support.hierarchical.ThrowableCollector.execute(ThrowableCollector.java:73)
	at org.junit.platform.engine.support.hierarchical.NodeTestTask.executeRecursively(NodeTestTask.java:143)
	at org.junit.platform.engine.support.hierarchical.NodeTestTask.execute(NodeTestTask.java:100)
	at org.junit.platform.engine.support.hierarchical.SameThreadHierarchicalTestExecutorService.submit(SameThreadHierarchicalTestExecutorService.java:35)
	at org.junit.platform.engine.support.hierarchical.HierarchicalTestExecutor.execute(HierarchicalTestExecutor.java:57)
	at org.junit.platform.engine.support.hierarchical.HierarchicalTestEngine.execute(HierarchicalTestEngine.java:54)
	at org.junit.platform.launcher.core.EngineExecutionOrchestrator.execute(EngineExecutionOrchestrator.java:198)
	at org.junit.platform.launcher.core.EngineExecutionOrchestrator.execute(EngineExecutionOrchestrator.java:169)
	at org.junit.platform.launcher.core.EngineExecutionOrchestrator.execute(EngineExecutionOrchestrator.java:93)
	at org.junit.platform.launcher.core.EngineExecutionOrchestrator.lambda$execute$0(EngineExecutionOrchestrator.java:58)
	at org.junit.platform.launcher.core.EngineExecutionOrchestrator.withInterceptedStreams(EngineExecutionOrchestrator.java:141)
	at org.junit.platform.launcher.core.EngineExecutionOrchestrator.execute(EngineExecutionOrchestrator.java:57)
	at org.junit.platform.launcher.core.DefaultLauncher.execute(DefaultLauncher.java:103)
	at org.junit.platform.launcher.core.DefaultLauncher.execute(DefaultLauncher.java:85)
	at org.junit.platform.launcher.core.DelegatingLauncher.execute(DelegatingLauncher.java:47)
	at org.apache.maven.surefire.junitplatform.LazyLauncher.execute(LazyLauncher.java:56)
	at org.apache.maven.surefire.junitplatform.JUnitPlatformProvider.execute(JUnitPlatformProvider.java:184)
	at org.apache.maven.surefire.junitplatform.JUnitPlatformProvider.invokeAllTests(JUnitPlatformProvider.java:148)
	at org.apache.maven.surefire.junitplatform.JUnitPlatformProvider.invoke(JUnitPlatformProvider.java:122)
	at org.apache.maven.surefire.booter.ForkedBooter.runSuitesInProcess(ForkedBooter.java:385)
	at org.apache.maven.surefire.booter.ForkedBooter.execute(ForkedBooter.java:162)
	at org.apache.maven.surefire.booter.ForkedBooter.run(ForkedBooter.java:507)
	at org.apache.maven.surefire.booter.ForkedBooter.main(ForkedBooter.java:495)
Caused by: org.postgresql.util.PSQLException: FATAL: (EMAXCONNSESSION) max clients reached in session mode - max clients are limited to pool_size: 15
	at org.postgresql.core.v3.QueryExecutorImpl.receiveErrorResponse(QueryExecutorImpl.java:2904)
	at org.postgresql.core.v3.QueryExecutorImpl.readStartupMessages(QueryExecutorImpl.java:3029)
	at org.postgresql.core.v3.QueryExecutorImpl.<init>(QueryExecutorImpl.java:237)
	at org.postgresql.core.v3.ConnectionFactoryImpl.openConnectionImpl(ConnectionFactoryImpl.java:396)
	at org.postgresql.core.ConnectionFactory.openConnection(ConnectionFactory.java:52)
	at org.postgresql.jdbc.PgConnection.<init>(PgConnection.java:290)
	at org.postgresql.Driver.makeConnection(Driver.java:448)
	at org.postgresql.Driver.connect(Driver.java:298)
	at com.zaxxer.hikari.util.DriverDataSource.getConnection(DriverDataSource.java:137)
	at com.zaxxer.hikari.pool.PoolBase.newConnection(PoolBase.java:360)
	at com.zaxxer.hikari.pool.PoolBase.newPoolEntry(PoolBase.java:202)
	at com.zaxxer.hikari.pool.HikariPool.createPoolEntry(HikariPool.java:461)
	at com.zaxxer.hikari.pool.HikariPool.checkFailFast(HikariPool.java:550)
	at com.zaxxer.hikari.pool.HikariPool.<init>(HikariPool.java:98)
	at com.zaxxer.hikari.HikariDataSource.getConnection(HikariDataSource.java:111)
	at org.hibernate.engine.jdbc.connections.internal.DatasourceConnectionProviderImpl.getConnection(DatasourceConnectionProviderImpl.java:122)
	at org.hibernate.engine.jdbc.env.internal.JdbcEnvironmentInitiator$ConnectionProviderJdbcConnectionAccess.obtainConnection(JdbcEnvironmentInitiator.java:439)
	at org.hibernate.resource.transaction.backend.jdbc.internal.JdbcIsolationDelegate.delegateWork(JdbcIsolationDelegate.java:61)
	... 113 common frames omitted
2026-07-16T06:37:59.650Z WARN  identityCore [org.hibernate.orm.deprecation] [CorrId=N/A] [UserId=anonymous] HHH90000025: PostgreSQLDialect does not need to be specified explicitly using 'hibernate.dialect' (remove the property setting and it will be selected by default)
2026-07-16T06:38:00.570Z INFO  identityCore [o.h.e.t.j.p.i.JtaPlatformInitiator] [CorrId=N/A] [UserId=anonymous] HHH000489: No JTA platform available (set 'hibernate.transaction.jta.platform' to enable JTA platform integration)
2026-07-16T06:38:00.590Z INFO  identityCore [com.zaxxer.hikari.HikariDataSource] [CorrId=N/A] [UserId=anonymous] HikariPool-1 - Starting...
2026-07-16T06:38:01.917Z WARN  identityCore [o.h.e.jdbc.spi.SqlExceptionHelper] [CorrId=N/A] [UserId=anonymous] SQL Error: 0, SQLState: XX000
2026-07-16T06:38:01.918Z ERROR identityCore [o.h.e.jdbc.spi.SqlExceptionHelper] [CorrId=N/A] [UserId=anonymous] FATAL: (EMAXCONNSESSION) max clients reached in session mode - max clients are limited to pool_size: 15
2026-07-16T06:38:01.924Z ERROR identityCore [o.s.o.j.LocalContainerEntityManagerFactoryBean] [CorrId=N/A] [UserId=anonymous] Failed to initialize JPA EntityManagerFactory: [PersistenceUnit: default] Unable to build Hibernate SessionFactory; nested exception is org.hibernate.exception.GenericJDBCException: Unable to open JDBC Connection for DDL execution [FATAL: (EMAXCONNSESSION) max clients reached in session mode - max clients are limited to pool_size: 15] [n/a]
2026-07-16T06:38:01.924Z WARN  identityCore [o.s.w.c.s.GenericWebApplicationContext] [CorrId=N/A] [UserId=anonymous] Exception encountered during context initialization - cancelling refresh attempt: org.springframework.beans.factory.BeanCreationException: Error creating bean with name 'entityManagerFactory' defined in class path resource [org/springframework/boot/autoconfigure/orm/jpa/HibernateJpaConfiguration.class]: [PersistenceUnit: default] Unable to build Hibernate SessionFactory; nested exception is org.hibernate.exception.GenericJDBCException: Unable to open JDBC Connection for DDL execution [FATAL: (EMAXCONNSESSION) max clients reached in session mode - max clients are limited to pool_size: 15] [n/a]
2026-07-16T06:38:01.945Z INFO  identityCore [o.s.b.a.l.ConditionEvaluationReportLogger] [CorrId=N/A] [UserId=anonymous] 

Error starting ApplicationContext. To display the condition evaluation report re-run your application with 'debug' enabled.
2026-07-16T06:38:01.963Z ERROR identityCore [o.s.boot.SpringApplication] [CorrId=N/A] [UserId=anonymous] Application run failed
org.springframework.beans.factory.BeanCreationException: Error creating bean with name 'entityManagerFactory' defined in class path resource [org/springframework/boot/autoconfigure/orm/jpa/HibernateJpaConfiguration.class]: [PersistenceUnit: default] Unable to build Hibernate SessionFactory; nested exception is org.hibernate.exception.GenericJDBCException: Unable to open JDBC Connection for DDL execution [FATAL: (EMAXCONNSESSION) max clients reached in session mode - max clients are limited to pool_size: 15] [n/a]
	at org.springframework.beans.factory.support.AbstractAutowireCapableBeanFactory.initializeBean(AbstractAutowireCapableBeanFactory.java:1806)
	at org.springframework.beans.factory.support.AbstractAutowireCapableBeanFactory.doCreateBean(AbstractAutowireCapableBeanFactory.java:600)
	at org.springframework.beans.factory.support.AbstractAutowireCapableBeanFactory.createBean(AbstractAutowireCapableBeanFactory.java:522)
	at org.springframework.beans.factory.support.AbstractBeanFactory.lambda$doGetBean$0(AbstractBeanFactory.java:337)
	at org.springframework.beans.factory.support.DefaultSingletonBeanRegistry.getSingleton(DefaultSingletonBeanRegistry.java:234)
	at org.springframework.beans.factory.support.AbstractBeanFactory.doGetBean(AbstractBeanFactory.java:335)
	at org.springframework.beans.factory.support.AbstractBeanFactory.getBean(AbstractBeanFactory.java:205)
	at org.springframework.context.support.AbstractApplicationContext.finishBeanFactoryInitialization(AbstractApplicationContext.java:954)
	at org.springframework.context.support.AbstractApplicationContext.refresh(AbstractApplicationContext.java:625)
	at org.springframework.boot.SpringApplication.refresh(SpringApplication.java:754)
	at org.springframework.boot.SpringApplication.refreshContext(SpringApplication.java:456)
	at org.springframework.boot.SpringApplication.run(SpringApplication.java:335)
	at org.springframework.boot.test.context.SpringBootContextLoader.lambda$loadContext$3(SpringBootContextLoader.java:137)
	at org.springframework.util.function.ThrowingSupplier.get(ThrowingSupplier.java:58)
	at org.springframework.util.function.ThrowingSupplier.get(ThrowingSupplier.java:46)
	at org.springframework.boot.SpringApplication.withHook(SpringApplication.java:1463)
	at org.springframework.boot.test.context.SpringBootContextLoader$ContextLoaderHook.run(SpringBootContextLoader.java:553)
	at org.springframework.boot.test.context.SpringBootContextLoader.loadContext(SpringBootContextLoader.java:137)
	at org.springframework.boot.test.context.SpringBootContextLoader.loadContext(SpringBootContextLoader.java:108)
	at org.springframework.test.context.cache.DefaultCacheAwareContextLoaderDelegate.loadContextInternal(DefaultCacheAwareContextLoaderDelegate.java:225)
	at org.springframework.test.context.cache.DefaultCacheAwareContextLoaderDelegate.loadContext(DefaultCacheAwareContextLoaderDelegate.java:152)
	at org.springframework.test.context.support.DefaultTestContext.getApplicationContext(DefaultTestContext.java:130)
	at org.springframework.test.context.web.ServletTestExecutionListener.setUpRequestContextIfNecessary(ServletTestExecutionListener.java:191)
	at org.springframework.test.context.web.ServletTestExecutionListener.prepareTestInstance(ServletTestExecutionListener.java:130)
	at org.springframework.test.context.TestContextManager.prepareTestInstance(TestContextManager.java:260)
	at org.springframework.test.context.junit.jupiter.SpringExtension.postProcessTestInstance(SpringExtension.java:163)
	at org.junit.jupiter.engine.descriptor.ClassBasedTestDescriptor.lambda$invokeTestInstancePostProcessors$10(ClassBasedTestDescriptor.java:378)
	at org.junit.jupiter.engine.descriptor.ClassBasedTestDescriptor.executeAndMaskThrowable(ClassBasedTestDescriptor.java:383)
	at org.junit.jupiter.engine.descriptor.ClassBasedTestDescriptor.lambda$invokeTestInstancePostProcessors$11(ClassBasedTestDescriptor.java:378)
	at java.base/java.util.stream.ReferencePipeline$3$1.accept(ReferencePipeline.java:214)
	at java.base/java.util.stream.ReferencePipeline$2$1.accept(ReferencePipeline.java:197)
	at java.base/java.util.ArrayList$ArrayListSpliterator.forEachRemaining(ArrayList.java:1716)
	at java.base/java.util.stream.AbstractPipeline.copyInto(AbstractPipeline.java:570)
	at java.base/java.util.stream.AbstractPipeline.wrapAndCopyInto(AbstractPipeline.java:560)
	at java.base/java.util.stream.StreamSpliterators$WrappingSpliterator.forEachRemaining(StreamSpliterators.java:315)
	at java.base/java.util.stream.Streams$ConcatSpliterator.forEachRemaining(Streams.java:735)
	at java.base/java.util.stream.Streams$ConcatSpliterator.forEachRemaining(Streams.java:734)
	at java.base/java.util.stream.ReferencePipeline$Head.forEach(ReferencePipeline.java:803)
	at org.junit.jupiter.engine.descriptor.ClassBasedTestDescriptor.invokeTestInstancePostProcessors(ClassBasedTestDescriptor.java:377)
	at org.junit.jupiter.engine.descriptor.ClassBasedTestDescriptor.lambda$instantiateAndPostProcessTestInstance$6(ClassBasedTestDescriptor.java:290)
	at org.junit.platform.engine.support.hierarchical.ThrowableCollector.execute(ThrowableCollector.java:73)
	at org.junit.jupiter.engine.descriptor.ClassBasedTestDescriptor.instantiateAndPostProcessTestInstance(ClassBasedTestDescriptor.java:289)
	at org.junit.jupiter.engine.descriptor.ClassBasedTestDescriptor.lambda$testInstancesProvider$4(ClassBasedTestDescriptor.java:279)
	at java.base/java.util.Optional.orElseGet(Optional.java:364)
	at org.junit.jupiter.engine.descriptor.ClassBasedTestDescriptor.lambda$testInstancesProvider$5(ClassBasedTestDescriptor.java:278)
	at org.junit.jupiter.engine.execution.TestInstancesProvider.getTestInstances(TestInstancesProvider.java:31)
	at org.junit.jupiter.engine.descriptor.TestMethodTestDescriptor.lambda$prepare$0(TestMethodTestDescriptor.java:106)
	at org.junit.platform.engine.support.hierarchical.ThrowableCollector.execute(ThrowableCollector.java:73)
	at org.junit.jupiter.engine.descriptor.TestMethodTestDescriptor.prepare(TestMethodTestDescriptor.java:105)
	at org.junit.jupiter.engine.descriptor.TestMethodTestDescriptor.prepare(TestMethodTestDescriptor.java:69)
	at org.junit.platform.engine.support.hierarchical.NodeTestTask.lambda$prepare$2(NodeTestTask.java:128)
	at org.junit.platform.engine.support.hierarchical.ThrowableCollector.execute(ThrowableCollector.java:73)
	at org.junit.platform.engine.support.hierarchical.NodeTestTask.prepare(NodeTestTask.java:128)
	at org.junit.platform.engine.support.hierarchical.NodeTestTask.execute(NodeTestTask.java:95)
	at java.base/java.util.ArrayList.forEach(ArrayList.java:1604)
	at org.junit.platform.engine.support.hierarchical.SameThreadHierarchicalTestExecutorService.invokeAll(SameThreadHierarchicalTestExecutorService.java:41)
	at org.junit.platform.engine.support.hierarchical.NodeTestTask.lambda$executeRecursively$6(NodeTestTask.java:160)
	at org.junit.platform.engine.support.hierarchical.ThrowableCollector.execute(ThrowableCollector.java:73)
	at org.junit.platform.engine.support.hierarchical.NodeTestTask.lambda$executeRecursively$8(NodeTestTask.java:146)
	at org.junit.platform.engine.support.hierarchical.Node.around(Node.java:137)
	at org.junit.platform.engine.support.hierarchical.NodeTestTask.lambda$executeRecursively$9(NodeTestTask.java:144)
	at org.junit.platform.engine.support.hierarchical.ThrowableCollector.execute(ThrowableCollector.java:73)
	at org.junit.platform.engine.support.hierarchical.NodeTestTask.executeRecursively(NodeTestTask.java:143)
	at org.junit.platform.engine.support.hierarchical.NodeTestTask.execute(NodeTestTask.java:100)
	at java.base/java.util.ArrayList.forEach(ArrayList.java:1604)
	at org.junit.platform.engine.support.hierarchical.SameThreadHierarchicalTestExecutorService.invokeAll(SameThreadHierarchicalTestExecutorService.java:41)
	at org.junit.platform.engine.support.hierarchical.NodeTestTask.lambda$executeRecursively$6(NodeTestTask.java:160)
	at org.junit.platform.engine.support.hierarchical.ThrowableCollector.execute(ThrowableCollector.java:73)
	at org.junit.platform.engine.support.hierarchical.NodeTestTask.lambda$executeRecursively$8(NodeTestTask.java:146)
	at org.junit.platform.engine.support.hierarchical.Node.around(Node.java:137)
	at org.junit.platform.engine.support.hierarchical.NodeTestTask.lambda$executeRecursively$9(NodeTestTask.java:144)
	at org.junit.platform.engine.support.hierarchical.ThrowableCollector.execute(ThrowableCollector.java:73)
	at org.junit.platform.engine.support.hierarchical.NodeTestTask.executeRecursively(NodeTestTask.java:143)
	at org.junit.platform.engine.support.hierarchical.NodeTestTask.execute(NodeTestTask.java:100)
	at org.junit.platform.engine.support.hierarchical.SameThreadHierarchicalTestExecutorService.submit(SameThreadHierarchicalTestExecutorService.java:35)
	at org.junit.platform.engine.support.hierarchical.HierarchicalTestExecutor.execute(HierarchicalTestExecutor.java:57)
	at org.junit.platform.engine.support.hierarchical.HierarchicalTestEngine.execute(HierarchicalTestEngine.java:54)
	at org.junit.platform.launcher.core.EngineExecutionOrchestrator.execute(EngineExecutionOrchestrator.java:198)
	at org.junit.platform.launcher.core.EngineExecutionOrchestrator.execute(EngineExecutionOrchestrator.java:169)
	at org.junit.platform.launcher.core.EngineExecutionOrchestrator.execute(EngineExecutionOrchestrator.java:93)
	at org.junit.platform.launcher.core.EngineExecutionOrchestrator.lambda$execute$0(EngineExecutionOrchestrator.java:58)
	at org.junit.platform.launcher.core.EngineExecutionOrchestrator.withInterceptedStreams(EngineExecutionOrchestrator.java:141)
	at org.junit.platform.launcher.core.EngineExecutionOrchestrator.execute(EngineExecutionOrchestrator.java:57)
	at org.junit.platform.launcher.core.DefaultLauncher.execute(DefaultLauncher.java:103)
	at org.junit.platform.launcher.core.DefaultLauncher.execute(DefaultLauncher.java:85)
	at org.junit.platform.launcher.core.DelegatingLauncher.execute(DelegatingLauncher.java:47)
	at org.apache.maven.surefire.junitplatform.LazyLauncher.execute(LazyLauncher.java:56)
	at org.apache.maven.surefire.junitplatform.JUnitPlatformProvider.execute(JUnitPlatformProvider.java:184)
	at org.apache.maven.surefire.junitplatform.JUnitPlatformProvider.invokeAllTests(JUnitPlatformProvider.java:148)
	at org.apache.maven.surefire.junitplatform.JUnitPlatformProvider.invoke(JUnitPlatformProvider.java:122)
	at org.apache.maven.surefire.booter.ForkedBooter.runSuitesInProcess(ForkedBooter.java:385)
	at org.apache.maven.surefire.booter.ForkedBooter.execute(ForkedBooter.java:162)
	at org.apache.maven.surefire.booter.ForkedBooter.run(ForkedBooter.java:507)
	at org.apache.maven.surefire.booter.ForkedBooter.main(ForkedBooter.java:495)
Caused by: jakarta.persistence.PersistenceException: [PersistenceUnit: default] Unable to build Hibernate SessionFactory; nested exception is org.hibernate.exception.GenericJDBCException: Unable to open JDBC Connection for DDL execution [FATAL: (EMAXCONNSESSION) max clients reached in session mode - max clients are limited to pool_size: 15] [n/a]
	at org.springframework.orm.jpa.AbstractEntityManagerFactoryBean.buildNativeEntityManagerFactory(AbstractEntityManagerFactoryBean.java:421)
	at org.springframework.orm.jpa.AbstractEntityManagerFactoryBean.afterPropertiesSet(AbstractEntityManagerFactoryBean.java:396)
	at org.springframework.orm.jpa.LocalContainerEntityManagerFactoryBean.afterPropertiesSet(LocalContainerEntityManagerFactoryBean.java:366)
	at org.springframework.beans.factory.support.AbstractAutowireCapableBeanFactory.invokeInitMethods(AbstractAutowireCapableBeanFactory.java:1853)
	at org.springframework.beans.factory.support.AbstractAutowireCapableBeanFactory.initializeBean(AbstractAutowireCapableBeanFactory.java:1802)
	... 93 common frames omitted
Caused by: org.hibernate.exception.GenericJDBCException: Unable to open JDBC Connection for DDL execution [FATAL: (EMAXCONNSESSION) max clients reached in session mode - max clients are limited to pool_size: 15] [n/a]
	at org.hibernate.exception.internal.StandardSQLExceptionConverter.convert(StandardSQLExceptionConverter.java:63)
	at org.hibernate.engine.jdbc.spi.SqlExceptionHelper.convert(SqlExceptionHelper.java:108)
	at org.hibernate.engine.jdbc.spi.SqlExceptionHelper.convert(SqlExceptionHelper.java:94)
	at org.hibernate.resource.transaction.backend.jdbc.internal.DdlTransactionIsolatorNonJtaImpl.getIsolatedConnection(DdlTransactionIsolatorNonJtaImpl.java:74)
	at org.hibernate.resource.transaction.backend.jdbc.internal.DdlTransactionIsolatorNonJtaImpl.getIsolatedConnection(DdlTransactionIsolatorNonJtaImpl.java:39)
	at org.hibernate.tool.schema.internal.exec.ImprovedExtractionContextImpl.getJdbcConnection(ImprovedExtractionContextImpl.java:63)
	at org.hibernate.tool.schema.extract.spi.ExtractionContext.getQueryResults(ExtractionContext.java:43)
	at org.hibernate.tool.schema.extract.internal.SequenceInformationExtractorLegacyImpl.extractMetadata(SequenceInformationExtractorLegacyImpl.java:39)
	at org.hibernate.tool.schema.extract.internal.DatabaseInformationImpl.initializeSequences(DatabaseInformationImpl.java:66)
	at org.hibernate.tool.schema.extract.internal.DatabaseInformationImpl.<init>(DatabaseInformationImpl.java:60)
	at org.hibernate.tool.schema.internal.Helper.buildDatabaseInformation(Helper.java:185)
	at org.hibernate.tool.schema.internal.AbstractSchemaMigrator.doMigration(AbstractSchemaMigrator.java:100)
	at org.hibernate.tool.schema.spi.SchemaManagementToolCoordinator.performDatabaseAction(SchemaManagementToolCoordinator.java:280)
	at org.hibernate.tool.schema.spi.SchemaManagementToolCoordinator.lambda$process$5(SchemaManagementToolCoordinator.java:144)
	at java.base/java.util.HashMap.forEach(HashMap.java:1430)
	at org.hibernate.tool.schema.spi.SchemaManagementToolCoordinator.process(SchemaManagementToolCoordinator.java:141)
	at org.hibernate.boot.internal.SessionFactoryObserverForSchemaExport.sessionFactoryCreated(SessionFactoryObserverForSchemaExport.java:37)
	at org.hibernate.internal.SessionFactoryObserverChain.sessionFactoryCreated(SessionFactoryObserverChain.java:35)
	at org.hibernate.internal.SessionFactoryImpl.<init>(SessionFactoryImpl.java:322)
	at org.hibernate.boot.internal.SessionFactoryBuilderImpl.build(SessionFactoryBuilderImpl.java:457)
	at org.hibernate.jpa.boot.internal.EntityManagerFactoryBuilderImpl.build(EntityManagerFactoryBuilderImpl.java:1506)
	at org.springframework.orm.jpa.vendor.SpringHibernateJpaPersistenceProvider.createContainerEntityManagerFactory(SpringHibernateJpaPersistenceProvider.java:75)
	at org.springframework.orm.jpa.LocalContainerEntityManagerFactoryBean.createNativeEntityManagerFactory(LocalContainerEntityManagerFactoryBean.java:390)
	at org.springframework.orm.jpa.AbstractEntityManagerFactoryBean.buildNativeEntityManagerFactory(AbstractEntityManagerFactoryBean.java:409)
	... 97 common frames omitted
Caused by: org.postgresql.util.PSQLException: FATAL: (EMAXCONNSESSION) max clients reached in session mode - max clients are limited to pool_size: 15
	at org.postgresql.core.v3.QueryExecutorImpl.receiveErrorResponse(QueryExecutorImpl.java:2904)
	at org.postgresql.core.v3.QueryExecutorImpl.readStartupMessages(QueryExecutorImpl.java:3029)
	at org.postgresql.core.v3.QueryExecutorImpl.<init>(QueryExecutorImpl.java:237)
	at org.postgresql.core.v3.ConnectionFactoryImpl.openConnectionImpl(ConnectionFactoryImpl.java:396)
	at org.postgresql.core.ConnectionFactory.openConnection(ConnectionFactory.java:52)
	at org.postgresql.jdbc.PgConnection.<init>(PgConnection.java:290)
	at org.postgresql.Driver.makeConnection(Driver.java:448)
	at org.postgresql.Driver.connect(Driver.java:298)
	at com.zaxxer.hikari.util.DriverDataSource.getConnection(DriverDataSource.java:137)
	at com.zaxxer.hikari.pool.PoolBase.newConnection(PoolBase.java:360)
	at com.zaxxer.hikari.pool.PoolBase.newPoolEntry(PoolBase.java:202)
	at com.zaxxer.hikari.pool.HikariPool.createPoolEntry(HikariPool.java:461)
	at com.zaxxer.hikari.pool.HikariPool.checkFailFast(HikariPool.java:550)
	at com.zaxxer.hikari.pool.HikariPool.<init>(HikariPool.java:98)
	at com.zaxxer.hikari.HikariDataSource.getConnection(HikariDataSource.java:111)
	at org.hibernate.engine.jdbc.connections.internal.DatasourceConnectionProviderImpl.getConnection(DatasourceConnectionProviderImpl.java:122)
	at org.hibernate.engine.jdbc.env.internal.JdbcEnvironmentInitiator$ConnectionProviderJdbcConnectionAccess.obtainConnection(JdbcEnvironmentInitiator.java:439)
	at org.hibernate.resource.transaction.backend.jdbc.internal.DdlTransactionIsolatorNonJtaImpl.getIsolatedConnection(DdlTransactionIsolatorNonJtaImpl.java:46)
	... 117 common frames omitted
2026-07-16T06:38:01.970Z WARN  identityCore [o.s.test.context.TestContextManager] [CorrId=N/A] [UserId=anonymous] Caught exception while allowing TestExecutionListener [org.springframework.test.context.web.ServletTestExecutionListener] to prepare test instance [dev.tharbytes.identityCore.IdentityCoreApplicationTests@66acaa54]
java.lang.IllegalStateException: Failed to load ApplicationContext for [WebMergedContextConfiguration@7833407 testClass = dev.tharbytes.identityCore.IdentityCoreApplicationTests, locations = [], classes = [dev.tharbytes.identityCore.IdentityCoreApplication], contextInitializerClasses = [], activeProfiles = [], propertySourceDescriptors = [], propertySourceProperties = ["org.springframework.boot.test.context.SpringBootTestContextBootstrapper=true"], contextCustomizers = [org.springframework.boot.test.context.filter.ExcludeFilterContextCustomizer@2af004b, org.springframework.boot.test.json.DuplicateJsonObjectContextCustomizerFactory$DuplicateJsonObjectContextCustomizer@563f38c4, org.springframework.boot.test.mock.mockito.MockitoContextCustomizer@0, org.springframework.boot.test.web.client.TestRestTemplateContextCustomizer@33065d67, org.springframework.boot.test.web.reactor.netty.DisableReactorResourceFactoryGlobalResourcesContextCustomizerFactory$DisableReactorResourceFactoryGlobalResourcesContextCustomizerCustomizer@5f049ea1, org.springframework.boot.test.autoconfigure.OnFailureConditionReportContextCustomizerFactory$OnFailureConditionReportContextCustomizer@72035809, org.springframework.boot.test.autoconfigure.actuate.observability.ObservabilityContextCustomizerFactory$DisableObservabilityContextCustomizer@1f, org.springframework.boot.test.autoconfigure.properties.PropertyMappingContextCustomizer@0, org.springframework.boot.test.autoconfigure.web.servlet.WebDriverContextCustomizer@2b40ff9c, org.springframework.boot.test.context.SpringBootTestAnnotation@6e5c6e5c], resourceBasePath = "src/main/webapp", contextLoader = org.springframework.boot.test.context.SpringBootContextLoader, parent = null]
	at org.springframework.test.context.cache.DefaultCacheAwareContextLoaderDelegate.loadContext(DefaultCacheAwareContextLoaderDelegate.java:180)
	at org.springframework.test.context.support.DefaultTestContext.getApplicationContext(DefaultTestContext.java:130)
	at org.springframework.test.context.web.ServletTestExecutionListener.setUpRequestContextIfNecessary(ServletTestExecutionListener.java:191)
	at org.springframework.test.context.web.ServletTestExecutionListener.prepareTestInstance(ServletTestExecutionListener.java:130)
	at org.springframework.test.context.TestContextManager.prepareTestInstance(TestContextManager.java:260)
	at org.springframework.test.context.junit.jupiter.SpringExtension.postProcessTestInstance(SpringExtension.java:163)
	at org.junit.jupiter.engine.descriptor.ClassBasedTestDescriptor.lambda$invokeTestInstancePostProcessors$10(ClassBasedTestDescriptor.java:378)
	at org.junit.jupiter.engine.descriptor.ClassBasedTestDescriptor.executeAndMaskThrowable(ClassBasedTestDescriptor.java:383)
	at org.junit.jupiter.engine.descriptor.ClassBasedTestDescriptor.lambda$invokeTestInstancePostProcessors$11(ClassBasedTestDescriptor.java:378)
	at java.base/java.util.stream.ReferencePipeline$3$1.accept(ReferencePipeline.java:214)
	at java.base/java.util.stream.ReferencePipeline$2$1.accept(ReferencePipeline.java:197)
	at java.base/java.util.ArrayList$ArrayListSpliterator.forEachRemaining(ArrayList.java:1716)
	at java.base/java.util.stream.AbstractPipeline.copyInto(AbstractPipeline.java:570)
	at java.base/java.util.stream.AbstractPipeline.wrapAndCopyInto(AbstractPipeline.java:560)
	at java.base/java.util.stream.StreamSpliterators$WrappingSpliterator.forEachRemaining(StreamSpliterators.java:315)
	at java.base/java.util.stream.Streams$ConcatSpliterator.forEachRemaining(Streams.java:735)
	at java.base/java.util.stream.Streams$ConcatSpliterator.forEachRemaining(Streams.java:734)
	at java.base/java.util.stream.ReferencePipeline$Head.forEach(ReferencePipeline.java:803)
	at org.junit.jupiter.engine.descriptor.ClassBasedTestDescriptor.invokeTestInstancePostProcessors(ClassBasedTestDescriptor.java:377)
	at org.junit.jupiter.engine.descriptor.ClassBasedTestDescriptor.lambda$instantiateAndPostProcessTestInstance$6(ClassBasedTestDescriptor.java:290)
	at org.junit.platform.engine.support.hierarchical.ThrowableCollector.execute(ThrowableCollector.java:73)
	at org.junit.jupiter.engine.descriptor.ClassBasedTestDescriptor.instantiateAndPostProcessTestInstance(ClassBasedTestDescriptor.java:289)
	at org.junit.jupiter.engine.descriptor.ClassBasedTestDescriptor.lambda$testInstancesProvider$4(ClassBasedTestDescriptor.java:279)
	at java.base/java.util.Optional.orElseGet(Optional.java:364)
	at org.junit.jupiter.engine.descriptor.ClassBasedTestDescriptor.lambda$testInstancesProvider$5(ClassBasedTestDescriptor.java:278)
	at org.junit.jupiter.engine.execution.TestInstancesProvider.getTestInstances(TestInstancesProvider.java:31)
	at org.junit.jupiter.engine.descriptor.TestMethodTestDescriptor.lambda$prepare$0(TestMethodTestDescriptor.java:106)
	at org.junit.platform.engine.support.hierarchical.ThrowableCollector.execute(ThrowableCollector.java:73)
	at org.junit.jupiter.engine.descriptor.TestMethodTestDescriptor.prepare(TestMethodTestDescriptor.java:105)
	at org.junit.jupiter.engine.descriptor.TestMethodTestDescriptor.prepare(TestMethodTestDescriptor.java:69)
	at org.junit.platform.engine.support.hierarchical.NodeTestTask.lambda$prepare$2(NodeTestTask.java:128)
	at org.junit.platform.engine.support.hierarchical.ThrowableCollector.execute(ThrowableCollector.java:73)
	at org.junit.platform.engine.support.hierarchical.NodeTestTask.prepare(NodeTestTask.java:128)
	at org.junit.platform.engine.support.hierarchical.NodeTestTask.execute(NodeTestTask.java:95)
	at java.base/java.util.ArrayList.forEach(ArrayList.java:1604)
	at org.junit.platform.engine.support.hierarchical.SameThreadHierarchicalTestExecutorService.invokeAll(SameThreadHierarchicalTestExecutorService.java:41)
	at org.junit.platform.engine.support.hierarchical.NodeTestTask.lambda$executeRecursively$6(NodeTestTask.java:160)
	at org.junit.platform.engine.support.hierarchical.ThrowableCollector.execute(ThrowableCollector.java:73)
	at org.junit.platform.engine.support.hierarchical.NodeTestTask.lambda$executeRecursively$8(NodeTestTask.java:146)
	at org.junit.platform.engine.support.hierarchical.Node.around(Node.java:137)
	at org.junit.platform.engine.support.hierarchical.NodeTestTask.lambda$executeRecursively$9(NodeTestTask.java:144)
	at org.junit.platform.engine.support.hierarchical.ThrowableCollector.execute(ThrowableCollector.java:73)
	at org.junit.platform.engine.support.hierarchical.NodeTestTask.executeRecursively(NodeTestTask.java:143)
	at org.junit.platform.engine.support.hierarchical.NodeTestTask.execute(NodeTestTask.java:100)
	at java.base/java.util.ArrayList.forEach(ArrayList.java:1604)
	at org.junit.platform.engine.support.hierarchical.SameThreadHierarchicalTestExecutorService.invokeAll(SameThreadHierarchicalTestExecutorService.java:41)
	at org.junit.platform.engine.support.hierarchical.NodeTestTask.lambda$executeRecursively$6(NodeTestTask.java:160)
	at org.junit.platform.engine.support.hierarchical.ThrowableCollector.execute(ThrowableCollector.java:73)
	at org.junit.platform.engine.support.hierarchical.NodeTestTask.lambda$executeRecursively$8(NodeTestTask.java:146)
	at org.junit.platform.engine.support.hierarchical.Node.around(Node.java:137)
	at org.junit.platform.engine.support.hierarchical.NodeTestTask.lambda$executeRecursively$9(NodeTestTask.java:144)
	at org.junit.platform.engine.support.hierarchical.ThrowableCollector.execute(ThrowableCollector.java:73)
	at org.junit.platform.engine.support.hierarchical.NodeTestTask.executeRecursively(NodeTestTask.java:143)
	at org.junit.platform.engine.support.hierarchical.NodeTestTask.execute(NodeTestTask.java:100)
	at org.junit.platform.engine.support.hierarchical.SameThreadHierarchicalTestExecutorService.submit(SameThreadHierarchicalTestExecutorService.java:35)
	at org.junit.platform.engine.support.hierarchical.HierarchicalTestExecutor.execute(HierarchicalTestExecutor.java:57)
	at org.junit.platform.engine.support.hierarchical.HierarchicalTestEngine.execute(HierarchicalTestEngine.java:54)
	at org.junit.platform.launcher.core.EngineExecutionOrchestrator.execute(EngineExecutionOrchestrator.java:198)
	at org.junit.platform.launcher.core.EngineExecutionOrchestrator.execute(EngineExecutionOrchestrator.java:169)
	at org.junit.platform.launcher.core.EngineExecutionOrchestrator.execute(EngineExecutionOrchestrator.java:93)
	at org.junit.platform.launcher.core.EngineExecutionOrchestrator.lambda$execute$0(EngineExecutionOrchestrator.java:58)
	at org.junit.platform.launcher.core.EngineExecutionOrchestrator.withInterceptedStreams(EngineExecutionOrchestrator.java:141)
	at org.junit.platform.launcher.core.EngineExecutionOrchestrator.execute(EngineExecutionOrchestrator.java:57)
	at org.junit.platform.launcher.core.DefaultLauncher.execute(DefaultLauncher.java:103)
	at org.junit.platform.launcher.core.DefaultLauncher.execute(DefaultLauncher.java:85)
	at org.junit.platform.launcher.core.DelegatingLauncher.execute(DelegatingLauncher.java:47)
	at org.apache.maven.surefire.junitplatform.LazyLauncher.execute(LazyLauncher.java:56)
	at org.apache.maven.surefire.junitplatform.JUnitPlatformProvider.execute(JUnitPlatformProvider.java:184)
	at org.apache.maven.surefire.junitplatform.JUnitPlatformProvider.invokeAllTests(JUnitPlatformProvider.java:148)
	at org.apache.maven.surefire.junitplatform.JUnitPlatformProvider.invoke(JUnitPlatformProvider.java:122)
	at org.apache.maven.surefire.booter.ForkedBooter.runSuitesInProcess(ForkedBooter.java:385)
	at org.apache.maven.surefire.booter.ForkedBooter.execute(ForkedBooter.java:162)
	at org.apache.maven.surefire.booter.ForkedBooter.run(ForkedBooter.java:507)
	at org.apache.maven.surefire.booter.ForkedBooter.main(ForkedBooter.java:495)
Caused by: org.springframework.beans.factory.BeanCreationException: Error creating bean with name 'entityManagerFactory' defined in class path resource [org/springframework/boot/autoconfigure/orm/jpa/HibernateJpaConfiguration.class]: [PersistenceUnit: default] Unable to build Hibernate SessionFactory; nested exception is org.hibernate.exception.GenericJDBCException: Unable to open JDBC Connection for DDL execution [FATAL: (EMAXCONNSESSION) max clients reached in session mode - max clients are limited to pool_size: 15] [n/a]
	at org.springframework.beans.factory.support.AbstractAutowireCapableBeanFactory.initializeBean(AbstractAutowireCapableBeanFactory.java:1806)
	at org.springframework.beans.factory.support.AbstractAutowireCapableBeanFactory.doCreateBean(AbstractAutowireCapableBeanFactory.java:600)
	at org.springframework.beans.factory.support.AbstractAutowireCapableBeanFactory.createBean(AbstractAutowireCapableBeanFactory.java:522)
	at org.springframework.beans.factory.support.AbstractBeanFactory.lambda$doGetBean$0(AbstractBeanFactory.java:337)
	at org.springframework.beans.factory.support.DefaultSingletonBeanRegistry.getSingleton(DefaultSingletonBeanRegistry.java:234)
	at org.springframework.beans.factory.support.AbstractBeanFactory.doGetBean(AbstractBeanFactory.java:335)
	at org.springframework.beans.factory.support.AbstractBeanFactory.getBean(AbstractBeanFactory.java:205)
	at org.springframework.context.support.AbstractApplicationContext.finishBeanFactoryInitialization(AbstractApplicationContext.java:954)
	at org.springframework.context.support.AbstractApplicationContext.refresh(AbstractApplicationContext.java:625)
	at org.springframework.boot.SpringApplication.refresh(SpringApplication.java:754)
	at org.springframework.boot.SpringApplication.refreshContext(SpringApplication.java:456)
	at org.springframework.boot.SpringApplication.run(SpringApplication.java:335)
	at org.springframework.boot.test.context.SpringBootContextLoader.lambda$loadContext$3(SpringBootContextLoader.java:137)
	at org.springframework.util.function.ThrowingSupplier.get(ThrowingSupplier.java:58)
	at org.springframework.util.function.ThrowingSupplier.get(ThrowingSupplier.java:46)
	at org.springframework.boot.SpringApplication.withHook(SpringApplication.java:1463)
	at org.springframework.boot.test.context.SpringBootContextLoader$ContextLoaderHook.run(SpringBootContextLoader.java:553)
	at org.springframework.boot.test.context.SpringBootContextLoader.loadContext(SpringBootContextLoader.java:137)
	at org.springframework.boot.test.context.SpringBootContextLoader.loadContext(SpringBootContextLoader.java:108)
	at org.springframework.test.context.cache.DefaultCacheAwareContextLoaderDelegate.loadContextInternal(DefaultCacheAwareContextLoaderDelegate.java:225)
	at org.springframework.test.context.cache.DefaultCacheAwareContextLoaderDelegate.loadContext(DefaultCacheAwareContextLoaderDelegate.java:152)
	... 73 common frames omitted
Caused by: jakarta.persistence.PersistenceException: [PersistenceUnit: default] Unable to build Hibernate SessionFactory; nested exception is org.hibernate.exception.GenericJDBCException: Unable to open JDBC Connection for DDL execution [FATAL: (EMAXCONNSESSION) max clients reached in session mode - max clients are limited to pool_size: 15] [n/a]
	at org.springframework.orm.jpa.AbstractEntityManagerFactoryBean.buildNativeEntityManagerFactory(AbstractEntityManagerFactoryBean.java:421)
	at org.springframework.orm.jpa.AbstractEntityManagerFactoryBean.afterPropertiesSet(AbstractEntityManagerFactoryBean.java:396)
	at org.springframework.orm.jpa.LocalContainerEntityManagerFactoryBean.afterPropertiesSet(LocalContainerEntityManagerFactoryBean.java:366)
	at org.springframework.beans.factory.support.AbstractAutowireCapableBeanFactory.invokeInitMethods(AbstractAutowireCapableBeanFactory.java:1853)
	at org.springframework.beans.factory.support.AbstractAutowireCapableBeanFactory.initializeBean(AbstractAutowireCapableBeanFactory.java:1802)
	... 93 common frames omitted
Caused by: org.hibernate.exception.GenericJDBCException: Unable to open JDBC Connection for DDL execution [FATAL: (EMAXCONNSESSION) max clients reached in session mode - max clients are limited to pool_size: 15] [n/a]
	at org.hibernate.exception.internal.StandardSQLExceptionConverter.convert(StandardSQLExceptionConverter.java:63)
	at org.hibernate.engine.jdbc.spi.SqlExceptionHelper.convert(SqlExceptionHelper.java:108)
	at org.hibernate.engine.jdbc.spi.SqlExceptionHelper.convert(SqlExceptionHelper.java:94)
	at org.hibernate.resource.transaction.backend.jdbc.internal.DdlTransactionIsolatorNonJtaImpl.getIsolatedConnection(DdlTransactionIsolatorNonJtaImpl.java:74)
	at org.hibernate.resource.transaction.backend.jdbc.internal.DdlTransactionIsolatorNonJtaImpl.getIsolatedConnection(DdlTransactionIsolatorNonJtaImpl.java:39)
	at org.hibernate.tool.schema.internal.exec.ImprovedExtractionContextImpl.getJdbcConnection(ImprovedExtractionContextImpl.java:63)
	at org.hibernate.tool.schema.extract.spi.ExtractionContext.getQueryResults(ExtractionContext.java:43)
	at org.hibernate.tool.schema.extract.internal.SequenceInformationExtractorLegacyImpl.extractMetadata(SequenceInformationExtractorLegacyImpl.java:39)
	at org.hibernate.tool.schema.extract.internal.DatabaseInformationImpl.initializeSequences(DatabaseInformationImpl.java:66)
	at org.hibernate.tool.schema.extract.internal.DatabaseInformationImpl.<init>(DatabaseInformationImpl.java:60)
	at org.hibernate.tool.schema.internal.Helper.buildDatabaseInformation(Helper.java:185)
	at org.hibernate.tool.schema.internal.AbstractSchemaMigrator.doMigration(AbstractSchemaMigrator.java:100)
	at org.hibernate.tool.schema.spi.SchemaManagementToolCoordinator.performDatabaseAction(SchemaManagementToolCoordinator.java:280)
	at org.hibernate.tool.schema.spi.SchemaManagementToolCoordinator.lambda$process$5(SchemaManagementToolCoordinator.java:144)
	at java.base/java.util.HashMap.forEach(HashMap.java:1430)
	at org.hibernate.tool.schema.spi.SchemaManagementToolCoordinator.process(SchemaManagementToolCoordinator.java:141)
	at org.hibernate.boot.internal.SessionFactoryObserverForSchemaExport.sessionFactoryCreated(SessionFactoryObserverForSchemaExport.java:37)
	at org.hibernate.internal.SessionFactoryObserverChain.sessionFactoryCreated(SessionFactoryObserverChain.java:35)
	at org.hibernate.internal.SessionFactoryImpl.<init>(SessionFactoryImpl.java:322)
	at org.hibernate.boot.internal.SessionFactoryBuilderImpl.build(SessionFactoryBuilderImpl.java:457)
	at org.hibernate.jpa.boot.internal.EntityManagerFactoryBuilderImpl.build(EntityManagerFactoryBuilderImpl.java:1506)
	at org.springframework.orm.jpa.vendor.SpringHibernateJpaPersistenceProvider.createContainerEntityManagerFactory(SpringHibernateJpaPersistenceProvider.java:75)
	at org.springframework.orm.jpa.LocalContainerEntityManagerFactoryBean.createNativeEntityManagerFactory(LocalContainerEntityManagerFactoryBean.java:390)
	at org.springframework.orm.jpa.AbstractEntityManagerFactoryBean.buildNativeEntityManagerFactory(AbstractEntityManagerFactoryBean.java:409)
	... 97 common frames omitted
Caused by: org.postgresql.util.PSQLException: FATAL: (EMAXCONNSESSION) max clients reached in session mode - max clients are limited to pool_size: 15
	at org.postgresql.core.v3.QueryExecutorImpl.receiveErrorResponse(QueryExecutorImpl.java:2904)
	at org.postgresql.core.v3.QueryExecutorImpl.readStartupMessages(QueryExecutorImpl.java:3029)
	at org.postgresql.core.v3.QueryExecutorImpl.<init>(QueryExecutorImpl.java:237)
	at org.postgresql.core.v3.ConnectionFactoryImpl.openConnectionImpl(ConnectionFactoryImpl.java:396)
	at org.postgresql.core.ConnectionFactory.openConnection(ConnectionFactory.java:52)
	at org.postgresql.jdbc.PgConnection.<init>(PgConnection.java:290)
	at org.postgresql.Driver.makeConnection(Driver.java:448)
	at org.postgresql.Driver.connect(Driver.java:298)
	at com.zaxxer.hikari.util.DriverDataSource.getConnection(DriverDataSource.java:137)
	at com.zaxxer.hikari.pool.PoolBase.newConnection(PoolBase.java:360)
	at com.zaxxer.hikari.pool.PoolBase.newPoolEntry(PoolBase.java:202)
	at com.zaxxer.hikari.pool.HikariPool.createPoolEntry(HikariPool.java:461)
	at com.zaxxer.hikari.pool.HikariPool.checkFailFast(HikariPool.java:550)
	at com.zaxxer.hikari.pool.HikariPool.<init>(HikariPool.java:98)
	at com.zaxxer.hikari.HikariDataSource.getConnection(HikariDataSource.java:111)
	at org.hibernate.engine.jdbc.connections.internal.DatasourceConnectionProviderImpl.getConnection(DatasourceConnectionProviderImpl.java:122)
	at org.hibernate.engine.jdbc.env.internal.JdbcEnvironmentInitiator$ConnectionProviderJdbcConnectionAccess.obtainConnection(JdbcEnvironmentInitiator.java:439)
	at org.hibernate.resource.transaction.backend.jdbc.internal.DdlTransactionIsolatorNonJtaImpl.getIsolatedConnection(DdlTransactionIsolatorNonJtaImpl.java:46)
	... 117 common frames omitted
2026-07-16T06:46:20.226Z INFO  identityCore [d.t.i.controller.DashboardController] [CorrId=bf5bfc9c-9776-4c34-9fbc-7aea266cf4dd] [UserId=gamingserious82@gmail.com] Session [2040860D60F5A6D6237C325D0D9B7E87] refreshed successfully.
2026-07-16T07:09:11.951Z INFO  identityCore [d.t.i.service.EmailService] [CorrId=56aae130-b23e-47ba-885e-ca7cfae77a31] [UserId=anonymous] Password reset email sent to gamingserious82@gmail.com
2026-07-16T07:13:20.227Z INFO  identityCore [d.t.i.security.AppUserDetailsService] [CorrId=N/A] [UserId=anonymous] Authentication initiated for username [gamingserious82@gmail.com].
2026-07-16T07:13:20.357Z INFO  identityCore [d.t.i.security.AppUserDetailsService] [CorrId=N/A] [UserId=anonymous] User details loaded successfully for username [gamingserious82@gmail.com].
2026-07-16T07:13:20.468Z INFO  identityCore [d.t.i.controller.DashboardController] [CorrId=ae7faefe-75c7-4c76-b3f6-25dcbd80fd4c] [UserId=gamingserious82@gmail.com] Session [80DE95EA43115DEE52A9474114A139AF] refreshed successfully.
2026-07-16T08:12:19.170Z WARN  identityCore [com.zaxxer.hikari.pool.PoolBase] [CorrId=N/A] [UserId=anonymous] HikariPool-1 - Failed to validate connection org.postgresql.jdbc.PgConnection@3a168edb (This connection has been closed.). Possibly consider using a shorter maxLifetime value.
2026-07-16T08:12:19.467Z WARN  identityCore [com.zaxxer.hikari.pool.PoolBase] [CorrId=N/A] [UserId=anonymous] HikariPool-1 - Failed to validate connection org.postgresql.jdbc.PgConnection@3071a51b (This connection has been closed.). Possibly consider using a shorter maxLifetime value.
2026-07-16T08:12:19.524Z WARN  identityCore [com.zaxxer.hikari.pool.PoolBase] [CorrId=N/A] [UserId=anonymous] HikariPool-1 - Failed to validate connection org.postgresql.jdbc.PgConnection@82f066 (This connection has been closed.). Possibly consider using a shorter maxLifetime value.
2026-07-16T08:12:19.675Z WARN  identityCore [com.zaxxer.hikari.pool.PoolBase] [CorrId=N/A] [UserId=anonymous] HikariPool-1 - Failed to validate connection org.postgresql.jdbc.PgConnection@e6cd6fb (This connection has been closed.). Possibly consider using a shorter maxLifetime value.
2026-07-16T08:12:19.737Z WARN  identityCore [com.zaxxer.hikari.pool.PoolBase] [CorrId=N/A] [UserId=anonymous] HikariPool-1 - Failed to validate connection org.postgresql.jdbc.PgConnection@5c6e5ed5 (This connection has been closed.). Possibly consider using a shorter maxLifetime value.
2026-07-16T08:12:20.327Z INFO  identityCore [d.t.i.security.AppUserDetailsService] [CorrId=N/A] [UserId=anonymous] Authentication initiated for username [gamingserious82@gmail.com].
2026-07-16T08:12:20.451Z INFO  identityCore [d.t.i.security.AppUserDetailsService] [CorrId=N/A] [UserId=anonymous] User details loaded successfully for username [gamingserious82@gmail.com].
2026-07-16T08:12:20.573Z INFO  identityCore [d.t.i.controller.DashboardController] [CorrId=0131becf-36f4-4efe-9173-468faadb45d4] [UserId=gamingserious82@gmail.com] Session [2290F5E2D2E426E651AE7EE74CE594CD] refreshed successfully.
2026-07-16T08:12:35.488Z WARN  identityCore [com.zaxxer.hikari.pool.HikariPool] [CorrId=N/A] [UserId=anonymous] HikariPool-1 - Thread starvation or clock leap detected (housekeeper delta=53m23s913ms383µs800ns).
2026-07-16T08:14:35.587Z INFO  identityCore [o.s.b.d.a.LocalDevToolsAutoConfiguration$RestartingClassPathChangeChangedEventListener] [CorrId=N/A] [UserId=anonymous] Restarting due to 84 class path changes (0 additions, 84 deletions, 0 modifications)
2026-07-16T08:14:35.725Z INFO  identityCore [o.s.o.j.LocalContainerEntityManagerFactoryBean] [CorrId=N/A] [UserId=anonymous] Closing JPA EntityManagerFactory for persistence unit 'default'
2026-07-16T08:14:35.747Z INFO  identityCore [com.zaxxer.hikari.HikariDataSource] [CorrId=N/A] [UserId=anonymous] HikariPool-1 - Shutdown initiated...
2026-07-16T08:14:38.080Z INFO  identityCore [com.zaxxer.hikari.HikariDataSource] [CorrId=N/A] [UserId=anonymous] HikariPool-1 - Shutdown completed.
2026-07-16T08:14:38.285Z INFO  identityCore [d.t.i.IdentityCoreApplication] [CorrId=N/A] [UserId=anonymous] Starting IdentityCoreApplication using Java 25.0.3 with PID 15928 (D:\iCore-Projects\identityCore_J25\target\classes started by DS in D:\iCore-Projects\identityCore_J25)
2026-07-16T08:14:38.286Z INFO  identityCore [d.t.i.IdentityCoreApplication] [CorrId=N/A] [UserId=anonymous] The following 1 profile is active: "postgres"
2026-07-16T08:14:39.573Z INFO  identityCore [o.s.d.r.c.RepositoryConfigurationDelegate] [CorrId=N/A] [UserId=anonymous] Bootstrapping Spring Data JPA repositories in DEFAULT mode.
2026-07-16T08:14:39.598Z INFO  identityCore [o.s.d.r.c.RepositoryConfigurationDelegate] [CorrId=N/A] [UserId=anonymous] Finished Spring Data repository scanning in 23 ms. Found 4 JPA repository interfaces.
2026-07-16T08:14:39.878Z INFO  identityCore [o.s.b.w.e.tomcat.TomcatWebServer] [CorrId=N/A] [UserId=anonymous] Tomcat initialized with port 8080 (http)
2026-07-16T08:14:39.880Z INFO  identityCore [o.a.catalina.core.StandardService] [CorrId=N/A] [UserId=anonymous] Starting service [Tomcat]
2026-07-16T08:14:39.880Z INFO  identityCore [o.a.catalina.core.StandardEngine] [CorrId=N/A] [UserId=anonymous] Starting Servlet engine: [Apache Tomcat/10.1.31]
2026-07-16T08:14:39.916Z INFO  identityCore [o.a.c.c.C.[Tomcat].[localhost].[/]] [CorrId=N/A] [UserId=anonymous] Initializing Spring embedded WebApplicationContext
2026-07-16T08:14:39.917Z INFO  identityCore [o.s.b.w.s.c.ServletWebServerApplicationContext] [CorrId=N/A] [UserId=anonymous] Root WebApplicationContext: initialization completed in 1627 ms
2026-07-16T08:14:40.051Z INFO  identityCore [o.h.jpa.internal.util.LogHelper] [CorrId=N/A] [UserId=anonymous] HHH000204: Processing PersistenceUnitInfo [name: default]
2026-07-16T08:14:40.055Z INFO  identityCore [o.h.c.i.RegionFactoryInitiator] [CorrId=N/A] [UserId=anonymous] HHH000026: Second-level cache disabled
2026-07-16T08:14:40.071Z INFO  identityCore [o.s.o.j.p.SpringPersistenceUnitInfo] [CorrId=N/A] [UserId=anonymous] No LoadTimeWeaver setup: ignoring JPA class transformer
2026-07-16T08:14:40.073Z INFO  identityCore [com.zaxxer.hikari.HikariDataSource] [CorrId=N/A] [UserId=anonymous] HikariPool-2 - Starting...
2026-07-16T08:14:40.578Z INFO  identityCore [com.zaxxer.hikari.pool.HikariPool] [CorrId=N/A] [UserId=anonymous] HikariPool-2 - Added connection org.postgresql.jdbc.PgConnection@35f2ebff
2026-07-16T08:14:40.579Z INFO  identityCore [com.zaxxer.hikari.HikariDataSource] [CorrId=N/A] [UserId=anonymous] HikariPool-2 - Start completed.
2026-07-16T08:14:40.644Z WARN  identityCore [org.hibernate.orm.deprecation] [CorrId=N/A] [UserId=anonymous] HHH90000025: PostgreSQLDialect does not need to be specified explicitly using 'hibernate.dialect' (remove the property setting and it will be selected by default)
2026-07-16T08:14:40.993Z INFO  identityCore [o.h.e.t.j.p.i.JtaPlatformInitiator] [CorrId=N/A] [UserId=anonymous] HHH000489: No JTA platform available (set 'hibernate.transaction.jta.platform' to enable JTA platform integration)
2026-07-16T08:14:41.847Z INFO  identityCore [o.s.o.j.LocalContainerEntityManagerFactoryBean] [CorrId=N/A] [UserId=anonymous] Initialized JPA EntityManagerFactory for persistence unit 'default'
2026-07-16T08:14:42.351Z WARN  identityCore [o.s.b.a.o.j.JpaBaseConfiguration$JpaWebConfiguration] [CorrId=N/A] [UserId=anonymous] spring.jpa.open-in-view is enabled by default. Therefore, database queries may be performed during view rendering. Explicitly configure spring.jpa.open-in-view to disable this warning
2026-07-16T08:14:42.373Z INFO  identityCore [o.s.s.c.a.a.c.InitializeAuthenticationProviderBeanManagerConfigurer$InitializeAuthenticationProviderManagerConfigurer] [CorrId=N/A] [UserId=anonymous] Global AuthenticationManager configured with AuthenticationProvider bean with name authProvider
2026-07-16T08:14:42.374Z WARN  identityCore [o.s.s.c.a.a.c.InitializeUserDetailsBeanManagerConfigurer$InitializeUserDetailsManagerConfigurer] [CorrId=N/A] [UserId=anonymous] Global AuthenticationManager configured with an AuthenticationProvider bean. UserDetailsService beans will not be used for username/password login. Consider removing the AuthenticationProvider bean. Alternatively, consider using the UserDetailsService in a manually instantiated DaoAuthenticationProvider.
2026-07-16T08:14:42.409Z INFO  identityCore [o.s.b.a.w.s.WelcomePageHandlerMapping] [CorrId=N/A] [UserId=anonymous] Adding welcome page template: index
2026-07-16T08:14:42.718Z WARN  identityCore [o.s.s.c.a.web.builders.WebSecurity] [CorrId=N/A] [UserId=anonymous] You are asking Spring Security to ignore Deferred [Mvc [pattern='/css/**'], Ant [pattern='/css/**']]. This is not recommended -- please use permitAll via HttpSecurity#authorizeHttpRequests instead.
2026-07-16T08:14:42.718Z WARN  identityCore [o.s.s.c.a.web.builders.WebSecurity] [CorrId=N/A] [UserId=anonymous] You are asking Spring Security to ignore Deferred [Mvc [pattern='/js/**'], Ant [pattern='/js/**']]. This is not recommended -- please use permitAll via HttpSecurity#authorizeHttpRequests instead.
2026-07-16T08:14:42.719Z WARN  identityCore [o.s.s.c.a.web.builders.WebSecurity] [CorrId=N/A] [UserId=anonymous] You are asking Spring Security to ignore Deferred [Mvc [pattern='/images/**'], Ant [pattern='/images/**']]. This is not recommended -- please use permitAll via HttpSecurity#authorizeHttpRequests instead.
2026-07-16T08:14:42.719Z WARN  identityCore [o.s.s.c.a.web.builders.WebSecurity] [CorrId=N/A] [UserId=anonymous] You are asking Spring Security to ignore Deferred [Mvc [pattern='/assets/**'], Ant [pattern='/assets/**']]. This is not recommended -- please use permitAll via HttpSecurity#authorizeHttpRequests instead.
2026-07-16T08:14:42.719Z WARN  identityCore [o.s.s.c.a.web.builders.WebSecurity] [CorrId=N/A] [UserId=anonymous] You are asking Spring Security to ignore Deferred [Mvc [pattern='/favicon.ico'], Ant [pattern='/favicon.ico']]. This is not recommended -- please use permitAll via HttpSecurity#authorizeHttpRequests instead.
2026-07-16T08:14:43.029Z INFO  identityCore [o.s.b.d.a.OptionalLiveReloadServer] [CorrId=N/A] [UserId=anonymous] LiveReload server is running on port 35729
2026-07-16T08:14:43.049Z INFO  identityCore [o.s.b.w.e.tomcat.TomcatWebServer] [CorrId=N/A] [UserId=anonymous] Tomcat started on port 8080 (http) with context path '/'
2026-07-16T08:14:43.055Z INFO  identityCore [d.t.i.IdentityCoreApplication] [CorrId=N/A] [UserId=anonymous] Started IdentityCoreApplication in 4.844 seconds (process running for 6125.844)
2026-07-16T08:14:43.057Z INFO  identityCore [o.s.b.d.a.ConditionEvaluationDeltaLoggingListener] [CorrId=N/A] [UserId=anonymous] Condition evaluation unchanged
2026-07-16T08:14:44.459Z INFO  identityCore [o.s.b.d.a.LocalDevToolsAutoConfiguration$RestartingClassPathChangeChangedEventListener] [CorrId=N/A] [UserId=anonymous] Restarting due to 84 class path changes (84 additions, 0 deletions, 0 modifications)
2026-07-16T08:14:44.486Z INFO  identityCore [o.s.o.j.LocalContainerEntityManagerFactoryBean] [CorrId=N/A] [UserId=anonymous] Closing JPA EntityManagerFactory for persistence unit 'default'
2026-07-16T08:14:44.487Z INFO  identityCore [com.zaxxer.hikari.HikariDataSource] [CorrId=N/A] [UserId=anonymous] HikariPool-2 - Shutdown initiated...
2026-07-16T08:14:45.357Z INFO  identityCore [com.zaxxer.hikari.HikariDataSource] [CorrId=N/A] [UserId=anonymous] HikariPool-2 - Shutdown completed.
2026-07-16T08:14:45.492Z INFO  identityCore [d.t.i.IdentityCoreApplication] [CorrId=N/A] [UserId=anonymous] Starting IdentityCoreApplication using Java 25.0.3 with PID 15928 (D:\iCore-Projects\identityCore_J25\target\classes started by DS in D:\iCore-Projects\identityCore_J25)
2026-07-16T08:14:45.493Z INFO  identityCore [d.t.i.IdentityCoreApplication] [CorrId=N/A] [UserId=anonymous] The following 1 profile is active: "postgres"
2026-07-16T08:14:45.884Z INFO  identityCore [o.s.d.r.c.RepositoryConfigurationDelegate] [CorrId=N/A] [UserId=anonymous] Bootstrapping Spring Data JPA repositories in DEFAULT mode.
2026-07-16T08:14:45.906Z INFO  identityCore [o.s.d.r.c.RepositoryConfigurationDelegate] [CorrId=N/A] [UserId=anonymous] Finished Spring Data repository scanning in 21 ms. Found 4 JPA repository interfaces.
2026-07-16T08:14:46.264Z INFO  identityCore [o.s.b.w.e.tomcat.TomcatWebServer] [CorrId=N/A] [UserId=anonymous] Tomcat initialized with port 8080 (http)
2026-07-16T08:14:46.265Z INFO  identityCore [o.a.catalina.core.StandardService] [CorrId=N/A] [UserId=anonymous] Starting service [Tomcat]
2026-07-16T08:14:46.265Z INFO  identityCore [o.a.catalina.core.StandardEngine] [CorrId=N/A] [UserId=anonymous] Starting Servlet engine: [Apache Tomcat/10.1.31]
2026-07-16T08:14:46.354Z INFO  identityCore [o.a.c.c.C.[Tomcat].[localhost].[/]] [CorrId=N/A] [UserId=anonymous] Initializing Spring embedded WebApplicationContext
2026-07-16T08:14:46.354Z INFO  identityCore [o.s.b.w.s.c.ServletWebServerApplicationContext] [CorrId=N/A] [UserId=anonymous] Root WebApplicationContext: initialization completed in 859 ms
2026-07-16T08:14:46.539Z INFO  identityCore [o.h.jpa.internal.util.LogHelper] [CorrId=N/A] [UserId=anonymous] HHH000204: Processing PersistenceUnitInfo [name: default]
2026-07-16T08:14:46.545Z INFO  identityCore [o.h.c.i.RegionFactoryInitiator] [CorrId=N/A] [UserId=anonymous] HHH000026: Second-level cache disabled
2026-07-16T08:14:46.559Z INFO  identityCore [o.s.o.j.p.SpringPersistenceUnitInfo] [CorrId=N/A] [UserId=anonymous] No LoadTimeWeaver setup: ignoring JPA class transformer
2026-07-16T08:14:46.560Z INFO  identityCore [com.zaxxer.hikari.HikariDataSource] [CorrId=N/A] [UserId=anonymous] HikariPool-3 - Starting...
2026-07-16T08:14:47.046Z INFO  identityCore [com.zaxxer.hikari.pool.HikariPool] [CorrId=N/A] [UserId=anonymous] HikariPool-3 - Added connection org.postgresql.jdbc.PgConnection@509881b2
2026-07-16T08:14:47.047Z INFO  identityCore [com.zaxxer.hikari.HikariDataSource] [CorrId=N/A] [UserId=anonymous] HikariPool-3 - Start completed.
2026-07-16T08:14:47.103Z WARN  identityCore [org.hibernate.orm.deprecation] [CorrId=N/A] [UserId=anonymous] HHH90000025: PostgreSQLDialect does not need to be specified explicitly using 'hibernate.dialect' (remove the property setting and it will be selected by default)
2026-07-16T08:14:47.643Z INFO  identityCore [o.h.e.t.j.p.i.JtaPlatformInitiator] [CorrId=N/A] [UserId=anonymous] HHH000489: No JTA platform available (set 'hibernate.transaction.jta.platform' to enable JTA platform integration)
2026-07-16T08:14:48.382Z INFO  identityCore [o.s.o.j.LocalContainerEntityManagerFactoryBean] [CorrId=N/A] [UserId=anonymous] Initialized JPA EntityManagerFactory for persistence unit 'default'
2026-07-16T08:14:48.663Z WARN  identityCore [o.s.b.a.o.j.JpaBaseConfiguration$JpaWebConfiguration] [CorrId=N/A] [UserId=anonymous] spring.jpa.open-in-view is enabled by default. Therefore, database queries may be performed during view rendering. Explicitly configure spring.jpa.open-in-view to disable this warning
2026-07-16T08:14:48.679Z INFO  identityCore [o.s.s.c.a.a.c.InitializeAuthenticationProviderBeanManagerConfigurer$InitializeAuthenticationProviderManagerConfigurer] [CorrId=N/A] [UserId=anonymous] Global AuthenticationManager configured with AuthenticationProvider bean with name authProvider
2026-07-16T08:14:48.680Z WARN  identityCore [o.s.s.c.a.a.c.InitializeUserDetailsBeanManagerConfigurer$InitializeUserDetailsManagerConfigurer] [CorrId=N/A] [UserId=anonymous] Global AuthenticationManager configured with an AuthenticationProvider bean. UserDetailsService beans will not be used for username/password login. Consider removing the AuthenticationProvider bean. Alternatively, consider using the UserDetailsService in a manually instantiated DaoAuthenticationProvider.
2026-07-16T08:14:48.694Z INFO  identityCore [o.s.b.a.w.s.WelcomePageHandlerMapping] [CorrId=N/A] [UserId=anonymous] Adding welcome page template: index
2026-07-16T08:14:48.857Z WARN  identityCore [o.s.s.c.a.web.builders.WebSecurity] [CorrId=N/A] [UserId=anonymous] You are asking Spring Security to ignore Deferred [Mvc [pattern='/css/**'], Ant [pattern='/css/**']]. This is not recommended -- please use permitAll via HttpSecurity#authorizeHttpRequests instead.
2026-07-16T08:14:48.857Z WARN  identityCore [o.s.s.c.a.web.builders.WebSecurity] [CorrId=N/A] [UserId=anonymous] You are asking Spring Security to ignore Deferred [Mvc [pattern='/js/**'], Ant [pattern='/js/**']]. This is not recommended -- please use permitAll via HttpSecurity#authorizeHttpRequests instead.
2026-07-16T08:14:48.857Z WARN  identityCore [o.s.s.c.a.web.builders.WebSecurity] [CorrId=N/A] [UserId=anonymous] You are asking Spring Security to ignore Deferred [Mvc [pattern='/images/**'], Ant [pattern='/images/**']]. This is not recommended -- please use permitAll via HttpSecurity#authorizeHttpRequests instead.
2026-07-16T08:14:48.857Z WARN  identityCore [o.s.s.c.a.web.builders.WebSecurity] [CorrId=N/A] [UserId=anonymous] You are asking Spring Security to ignore Deferred [Mvc [pattern='/assets/**'], Ant [pattern='/assets/**']]. This is not recommended -- please use permitAll via HttpSecurity#authorizeHttpRequests instead.
2026-07-16T08:14:48.857Z WARN  identityCore [o.s.s.c.a.web.builders.WebSecurity] [CorrId=N/A] [UserId=anonymous] You are asking Spring Security to ignore Deferred [Mvc [pattern='/favicon.ico'], Ant [pattern='/favicon.ico']]. This is not recommended -- please use permitAll via HttpSecurity#authorizeHttpRequests instead.
2026-07-16T08:14:49.035Z INFO  identityCore [o.s.b.d.a.OptionalLiveReloadServer] [CorrId=N/A] [UserId=anonymous] LiveReload server is running on port 35729
2026-07-16T08:14:49.045Z INFO  identityCore [o.s.b.w.e.tomcat.TomcatWebServer] [CorrId=N/A] [UserId=anonymous] Tomcat started on port 8080 (http) with context path '/'
2026-07-16T08:14:49.049Z INFO  identityCore [d.t.i.IdentityCoreApplication] [CorrId=N/A] [UserId=anonymous] Started IdentityCoreApplication in 3.593 seconds (process running for 6131.838)
2026-07-16T08:14:49.050Z INFO  identityCore [o.s.b.d.a.ConditionEvaluationDeltaLoggingListener] [CorrId=N/A] [UserId=anonymous] Condition evaluation unchanged
2026-07-16T08:16:20.053Z INFO  identityCore [o.a.c.c.C.[Tomcat].[localhost].[/]] [CorrId=N/A] [UserId=anonymous] Initializing Spring DispatcherServlet 'dispatcherServlet'
2026-07-16T08:16:20.053Z INFO  identityCore [o.s.web.servlet.DispatcherServlet] [CorrId=N/A] [UserId=anonymous] Initializing Servlet 'dispatcherServlet'
2026-07-16T08:16:20.054Z INFO  identityCore [o.s.web.servlet.DispatcherServlet] [CorrId=N/A] [UserId=anonymous] Completed initialization in 1 ms
2026-07-16T08:16:20.214Z INFO  identityCore [d.t.i.controller.DashboardController] [CorrId=e5d1cfc7-536e-4c18-80fe-fea14e402fa9] [UserId=gamingserious82@gmail.com] Session [2290F5E2D2E426E651AE7EE74CE594CD] refreshed successfully.
